------Start of DE processing------ = [31/1/20 18:18:41:998 IST]
Exception = java.lang.IllegalStateException
Source = com.ibm.ws.ejbcontainer.runtime.AbstractEJBRuntime.install
probeid = 950
Stack Dump = java.lang.IllegalStateException: The orb is not available
	at com.ibm.ws.ejbcontainer.remote.internal.EJBRemoteRuntimeImpl.getEjbAdapter(EJBRemoteRuntimeImpl.java:290)
	at com.ibm.ws.ejbcontainer.remote.internal.EJBRemoteRuntimeImpl.bind(EJBRemoteRuntimeImpl.java:185)
	at com.ibm.ws.ejbcontainer.remote.internal.EJBRemoteRuntimeImpl.bind(EJBRemoteRuntimeImpl.java:169)
	at com.ibm.ws.ejbcontainer.osgi.internal.NameSpaceBinderImpl.bindBindings(NameSpaceBinderImpl.java:276)
	at com.ibm.ws.ejbcontainer.osgi.internal.NameSpaceBinderImpl.bindBindings(NameSpaceBinderImpl.java:39)
	at com.ibm.ws.ejbcontainer.runtime.AbstractEJBRuntime.bindInterface(AbstractEJBRuntime.java:997)
	at com.ibm.ws.ejbcontainer.runtime.AbstractEJBRuntime.bindInterfaces(AbstractEJBRuntime.java:950)
	at com.ibm.ws.ejbcontainer.runtime.AbstractEJBRuntime.bindInterfaces(AbstractEJBRuntime.java:862)
	at com.ibm.ws.ejbcontainer.osgi.internal.EJBRuntimeImpl.bindInterfaces(EJBRuntimeImpl.java:1188)
	at com.ibm.ws.ejbcontainer.runtime.AbstractEJBRuntime.startModule(AbstractEJBRuntime.java:524)
	at com.ibm.ws.ejbcontainer.osgi.internal.EJBRuntimeImpl.start(EJBRuntimeImpl.java:1110)
	at com.ibm.ws.ejbcontainer.osgi.internal.EJBModuleRuntimeContainerImpl.startModule(EJBModuleRuntimeContainerImpl.java:145)
	at com.ibm.ws.app.manager.module.internal.ModuleHandlerBase.deployModule(ModuleHandlerBase.java:99)
	at com.ibm.ws.app.manager.module.internal.DeployedModuleInfoImpl.installModule(DeployedModuleInfoImpl.java:49)
	at com.ibm.ws.app.manager.module.internal.SimpleDeployedAppInfoBase.deployModules(SimpleDeployedAppInfoBase.java:578)
	at com.ibm.ws.app.manager.module.internal.SimpleDeployedAppInfoBase.installApp(SimpleDeployedAppInfoBase.java:514)
	at com.ibm.ws.app.manager.module.internal.DeployedAppInfoBase.deployApp(DeployedAppInfoBase.java:347)
	at com.ibm.ws.app.manager.ear.internal.EARApplicationHandlerImpl.install(EARApplicationHandlerImpl.java:76)
	at com.ibm.ws.app.manager.internal.statemachine.StartAction.execute(StartAction.java:140)
	at com.ibm.ws.app.manager.internal.statemachine.ApplicationStateMachineImpl.enterState(ApplicationStateMachineImpl.java:1266)
	at com.ibm.ws.app.manager.internal.statemachine.ApplicationStateMachineImpl.run(ApplicationStateMachineImpl.java:881)
	at com.ibm.ws.threading.internal.ExecutorServiceImpl$RunnableWrapper.run(ExecutorServiceImpl.java:239)
	at java.util.concurrent.ThreadPoolExecutor.runWorker(ThreadPoolExecutor.java:1149)
	at java.util.concurrent.ThreadPoolExecutor$Worker.run(ThreadPoolExecutor.java:624)
	at java.lang.Thread.run(Thread.java:748)

Dump of callerThis
Object type = com.ibm.ws.ejbcontainer.osgi.internal.EJBRuntimeImpl
  CLASS_NAME = "com.ibm.ws.ejbcontainer.osgi.internal.EJBRuntimeImpl"
  tc = class com.ibm.websphere.ras.TraceComponent@53702ff7
    strings[0] = "TraceComponent[com.ibm.ws.ejbcontainer.osgi.internal.EJBRuntimeImpl,class com.ibm.ws.ejbcontainer.osgi.internal.EJBRuntimeImpl,[EJBContainer],com.ibm.ws.ejbcontainer.osgi.internal.resources.EJBContainerMessages,null]"
  REFERENCE_INJECTION_ENGINE = "injectionEngine"
  REFERENCE_SERIALIZATION_SERVICE = "serializationService"
  REFERENCE_MDB_RUNTIME = "mdbRuntime"
  REFERENCE_JPA_CONTAINER = "jpaContainer"
  REFERENCE_JCDI_HELPER_FACTORY = "jndiHelperFactory"
  REFERENCE_EJB_ASYNC_RUNTIME = "ejbAsyncRuntime"
  REFERENCE_EJB_TIMER_RUNTIME = "ejbTimerRuntime"
  REFERENCE_EJB_PERSISTENT_TIMER_RUNTIME = "ejbPersistentTimerRuntime"
  REFERENCE_EJB_HOME_RUNTIME = "ejbHomeRuntime"
  REFERENCE_EJB_REMOTE_RUNTIME = "ejbRemoteRuntime"
  REFERENCE_EJB_MBEAN_RUNTIME = "ejbMBeanRuntime"
  REFERENCE_MANAGED_OBJECT_SERVICE = "managedObjectService"
  REFERENCE_CLASSLOADING_SERVICE = "classLoadingService"
  DEFAULT_VERSION = class org.osgi.framework.Version@5533fb98
    major = 3
    minor = 1
    micro = 0
    qualifier = ""
    SEPARATOR = "."
    versionString = null
    hash = 0
    emptyVersion = class org.osgi.framework.Version@37a676b8
  REFERENCE_RUNTIME_VERSION = "ejbRuntimeVersion"
  runtimeVersion = class org.osgi.framework.Version@2bd2f741
    major = 3
    minor = 2
    micro = 0
    qualifier = ""
    SEPARATOR = "."
    versionString = null
    hash = 0
    emptyVersion = class org.osgi.framework.Version@37a676b8
      major = 0
      minor = 0
      micro = 0
      qualifier = ""
      SEPARATOR = "."
      versionString = "0.0.0"
      hash = 0
      emptyVersion = class org.osgi.framework.Version@37a676b8
  ejbMDOrchestrator = class com.ibm.ws.ejbcontainer.osgi.internal.EJBMDOrchestratorImpl@5fb6fbd6
    tc = class com.ibm.websphere.ras.TraceComponent@7d16c4ff
      strings[0] = "TraceComponent[com.ibm.ws.ejbcontainer.osgi.internal.EJBMDOrchestratorImpl,class com.ibm.ws.ejbcontainer.osgi.internal.EJBMDOrchestratorImpl,[EJBContainer],com.ibm.ws.ejbcontainer.osgi.internal.resources.EJBContainerMessages,null]"
    tcContainer = class com.ibm.websphere.ras.TraceComponent@5a71e668
      strings[0] = "TraceComponent[com.ibm.ws.ejbcontainer.osgi.internal.EJBMDOrchestratorImpl,class com.ibm.ws.ejbcontainer.osgi.internal.EJBMDOrchestratorImpl,[EJBContainer],com.ibm.ejs.container.container,null]"
    managedObjectServiceRef = class com.ibm.wsspi.kernel.service.utils.AtomicServiceReference@7c1cc6e4
    EJBLOCAL_BINDING_PREFIX = "ejblocal:"
    serialVersionUID = 5915777333184165017
    CLASS_NAME = "com.ibm.ws.metadata.ejb.EJBMDOrchestrator"
    tc = class com.ibm.websphere.ras.TraceComponent@56ae2dd8
      strings[0] = "TraceComponent[com.ibm.ws.metadata.ejb.EJBMDOrchestrator,class com.ibm.ws.metadata.ejb.EJBMDOrchestrator,[EJBContainer],com.ibm.ejs.container.container,null]"
    tcVerbose = class com.ibm.websphere.ras.TraceComponent@437386e4
      strings[0] = "TraceComponent[com.ibm.ws.metadata.ejb.EJBMDOrchestrator-Verbose,class com.ibm.ws.metadata.ejb.EJBMDOrchestrator,[MetaDataVerbose],com.ibm.ejs.container.container,null]"
    tcInjection = class com.ibm.websphere.ras.TraceComponent@4de6e72a
      strings[0] = "TraceComponent[com.ibm.ws.metadata.ejb.EJBMDOrchestrator-Injection,class com.ibm.ws.metadata.ejb.EJBMDOrchestrator,[Injection],com.ibm.wsspi.injectionengine.injection,null]"
    NO_PARAMS = class java.lang.Class[0]
    nameTypeFromBeanTypeMap = class java.lang.String[9]
      String[0] = null
      String[1] = "UNKNOWN"
      String[2] = "SG"
      String[3] = "SL"
      String[4] = "SF"
      String[5] = "BMP"
      String[6] = "CMP"
      String[7] = "MDB"
      String[8] = "MB"
    compressBeanTypeMap = {0,0,1,1,1,2,2,3,4} /* array length = 9 */
    Unknown_Type = 0
    Session_Type = 1
    Entity_Type = 2
    Message_Type = 3
    Managed_Type = 4
  container = class com.ibm.ejs.container.EJSContainer@60dc21ae
  classDefiner = class com.ibm.ws.ejbcontainer.jitdeploy.ClassDefiner@2a79e916
    svFindLoadedClassMethod = class java.lang.reflect.Method@64450e94
      clazz = class java.lang.Class@251a69d7
      slot = 43
      name = "findLoadedClass"
      returnType = class java.lang.Class@5ffd2b27
      parameterTypes = class java.lang.Class[1]
      exceptionTypes = class java.lang.Class[0]
      modifiers = 20
      signature = "(Ljava/lang/String;)Ljava/lang/Class<*>;"
      genericInfo = null
      annotations = null
      parameterAnnotations = null
      annotationDefault = null
      methodAccessor = class sun.reflect.DelegatingMethodAccessorImpl@5478794f
      root = class java.lang.reflect.Method@1a4ae9d5
      hasRealParameterData = false
      parameters = null
      declaredAnnotations = null
      ACCESS_PERMISSION = class java.lang.reflect.ReflectPermission@6d181f79
      override = true
      reflectionFactory = class sun.reflect.ReflectionFactory@79fe22ea
      securityCheckCache = null
    svDefineClassMethod = class java.lang.reflect.Method@12345889
      clazz = class java.lang.Class@251a69d7
      slot = 26
      name = "defineClass"
      returnType = class java.lang.Class@5ffd2b27
      parameterTypes = class java.lang.Class[5]
      exceptionTypes = class java.lang.Class[1]
      modifiers = 20
      signature = "(Ljava/lang/String;[BIILjava/security/ProtectionDomain;)Ljava/lang/Class<*>;"
      genericInfo = null
      annotations = null
      parameterAnnotations = null
      annotationDefault = null
      methodAccessor = class sun.reflect.DelegatingMethodAccessorImpl@39fc7b5b
      root = class java.lang.reflect.Method@2606ff3d
      hasRealParameterData = false
      parameters = null
      declaredAnnotations = null
      ACCESS_PERMISSION = class java.lang.reflect.ReflectPermission@6d181f79
      override = true
      reflectionFactory = class sun.reflect.ReflectionFactory@79fe22ea
      securityCheckCache = null
    svAllPermissionProtectionDomain = class java.security.ProtectionDomain@43611fca
      codesource = null
      classloader = null
      principals = interface java.security.Principal[0]
      permissions = class java.security.Permissions@62ea2ad7
      hasAllPerm = true
      staticPermissions = true
      key = class java.security.ProtectionDomain$Key@72824e12
      debug = null
  injectionEngineSRRef = class com.ibm.wsspi.kernel.service.utils.AtomicServiceReference@162d6be7
    referenceName = "injectionEngine"
    tuple = class java.util.concurrent.atomic.AtomicReference@639b7b25
      serialVersionUID = -1848883965231344442
      unsafe = class sun.misc.Unsafe@7c5ba892
      valueOffset = 12
      value = class com.ibm.wsspi.kernel.service.utils.AtomicServiceReference$ReferenceTuple@13fea8a7
    serialVersionUID = 2226592364007985000
    $$$tc$$$ = class com.ibm.websphere.ras.TraceComponent@acdf7a0
  securityCollaborator = null
  javaColonHelper = class com.ibm.ws.ejbcontainer.osgi.internal.naming.EJBJavaColonNamingHelper@7ead5abf
    tc = class com.ibm.websphere.ras.TraceComponent@2c1e18d0
      strings[0] = "TraceComponent[com.ibm.ws.ejbcontainer.osgi.internal.naming.EJBJavaColonNamingHelper,class com.ibm.ws.ejbcontainer.osgi.internal.naming.EJBJavaColonNamingHelper,[EJBContainer],com.ibm.ws.ejbcontainer.osgi.internal.resources.EJBContainerMessages,null]"
    javaColonGlobalBindings = class com.ibm.ws.container.service.naming.JavaColonNamespaceBindings@37608aa2
      namespace = class com.ibm.ws.container.service.naming.NamingConstants$JavaColonNamespace@7a782716
      classNameProvider = class com.ibm.ws.ejbcontainer.osgi.internal.naming.EJBJavaColonNamingHelper@7ead5abf
      contextBindings = null
      contexts = null
      serialVersionUID = -4020308321774505943
      $$$tc$$$ = class com.ibm.websphere.ras.TraceComponent@45919123
      serialVersionUID = 362498820763181265
      DEFAULT_INITIAL_CAPACITY = 16
      MAXIMUM_CAPACITY = 1073741824
      DEFAULT_LOAD_FACTOR = 0.75
      TREEIFY_THRESHOLD = 8
      UNTREEIFY_THRESHOLD = 6
      MIN_TREEIFY_CAPACITY = 64
      table = null
      entrySet = null
      size = 0
      modCount = 0
      threshold = 0
      loadFactor = 0.75
      keySet = null
      values = null
    javaColonLock = class java.util.concurrent.locks.ReentrantReadWriteLock@5d08da59
      serialVersionUID = -6992448646407690164
      readerLock = class java.util.concurrent.locks.ReentrantReadWriteLock$ReadLock@25319ff9
      writerLock = class java.util.concurrent.locks.ReentrantReadWriteLock$WriteLock@58c1ecf2
      sync = class java.util.concurrent.locks.ReentrantReadWriteLock$NonfairSync@212bd9fb
      UNSAFE = class sun.misc.Unsafe@7c5ba892
      TID_OFFSET = 40
    metaDataSlotService = class com.ibm.ws.container.service.metadata.internal.MetaDataSlotServiceImpl@4048a663
      metaDataService = class com.ibm.ws.container.service.metadata.internal.MetaDataServiceImpl@35654ac2
      bundle = class org.eclipse.osgi.internal.framework.EquinoxBundle@4426c867
      slots = class java.util.ArrayList@5e5a2dad
      serialVersionUID = -7680974551757343059
      $$$tc$$$ = class com.ibm.websphere.ras.TraceComponent@33f184cc
    roiFactory = class com.ibm.ws.container.service.naming.RemoteObjectInstanceFactoryImpl@1008fbcc
      serialVersionUID = -1593201671635326830
      $$$tc$$$ = class com.ibm.websphere.ras.TraceComponent@5a3ae5a1
    mmdSlot = class com.ibm.ws.runtime.metadata.MetaDataSlotImpl@2f59f8e7
      id = 3
      destroyed = false
      metadataIntf = class java.lang.Class@5cdae790
      manager = class com.ibm.ws.container.service.metadata.internal.ModuleMetaDataManager@45f25160
      bundle = class org.eclipse.osgi.internal.framework.EquinoxBundle@4426c867
    amdSlot = class com.ibm.ws.runtime.metadata.MetaDataSlotImpl@1c5f4234
      id = 1
      destroyed = false
      metadataIntf = class java.lang.Class@5370859e
      manager = class com.ibm.ws.container.service.metadata.internal.ApplicationMetaDataManager@19ee66ce
      bundle = class org.eclipse.osgi.internal.framework.EquinoxBundle@4426c867
    serialVersionUID = -3212269771182053752
    homeRuntime = true
    remoteRuntime = true
    tc = class com.ibm.websphere.ras.TraceComponent@40c1aca3
      strings[0] = "TraceComponent[com.ibm.ws.ejbcontainer.osgi.internal.naming.EJBNamingInstancer,class com.ibm.ws.ejbcontainer.osgi.internal.naming.EJBNamingInstancer,[EJBContainer],com.ibm.ws.ejbcontainer.osgi.internal.resources.EJBContainerMessages,null]"
    serialVersionUID = -3640155928955231790
  ejbLocalNamingHelper = class com.ibm.ws.ejbcontainer.osgi.internal.naming.EJBLocalNamingHelperImpl@7f7dd595
    tc = class com.ibm.websphere.ras.TraceComponent@30cd973e
      strings[0] = "TraceComponent[com.ibm.ws.ejbcontainer.osgi.internal.naming.EJBLocalNamingHelperImpl,class com.ibm.ws.ejbcontainer.osgi.internal.naming.EJBLocalNamingHelperImpl,[EJBContainer],com.ibm.ws.ejbcontainer.osgi.internal.resources.EJBContainerMessages,null]"
    EJBLocalBindings = class java.util.HashMap@3a698dd8
      serialVersionUID = 362498820763181265
      DEFAULT_INITIAL_CAPACITY = 16
      MAXIMUM_CAPACITY = 1073741824
      DEFAULT_LOAD_FACTOR = 0.75
      TREEIFY_THRESHOLD = 8
      UNTREEIFY_THRESHOLD = 6
      MIN_TREEIFY_CAPACITY = 64
      table = null
      entrySet = null
      size = 0
      modCount = 0
      threshold = 0
      loadFactor = 0.75
      keySet = null
      values = null
    javaColonLock = class java.util.concurrent.locks.ReentrantReadWriteLock@61d1bcce
      serialVersionUID = -6992448646407690164
      readerLock = class java.util.concurrent.locks.ReentrantReadWriteLock$ReadLock@1aefefae
      writerLock = class java.util.concurrent.locks.ReentrantReadWriteLock$WriteLock@5314e9a
      sync = class java.util.concurrent.locks.ReentrantReadWriteLock$NonfairSync@4a6d9a58
      UNSAFE = class sun.misc.Unsafe@7c5ba892
      TID_OFFSET = 40
    serialVersionUID = -1175534923715618526
    homeRuntime = true
    remoteRuntime = false
    tc = class com.ibm.websphere.ras.TraceComponent@40c1aca3
    serialVersionUID = -3640155928955231790
  localColonNamingHelper = class com.ibm.ws.ejbcontainer.osgi.internal.naming.LocalColonEJBNamingHelperImpl@1a29b235
    tc = class com.ibm.websphere.ras.TraceComponent@20e3a26c
      strings[0] = "TraceComponent[com.ibm.ws.ejbcontainer.osgi.internal.naming.LocalColonEJBNamingHelperImpl,class com.ibm.ws.ejbcontainer.osgi.internal.naming.LocalColonEJBNamingHelperImpl,[EJBContainer],com.ibm.ws.ejbcontainer.osgi.internal.resources.EJBContainerMessages,null]"
    localColonEJBBindings = class java.util.HashMap@1df9c0fd
      serialVersionUID = 362498820763181265
      DEFAULT_INITIAL_CAPACITY = 16
      MAXIMUM_CAPACITY = 1073741824
      DEFAULT_LOAD_FACTOR = 0.75
      TREEIFY_THRESHOLD = 8
      UNTREEIFY_THRESHOLD = 6
      MIN_TREEIFY_CAPACITY = 64
      table = null
      entrySet = null
      size = 0
      modCount = 0
      threshold = 0
      loadFactor = 0.75
      keySet = null
      values = null
    javaColonLock = class java.util.concurrent.locks.ReentrantReadWriteLock@1ce8250c
      serialVersionUID = -6992448646407690164
      readerLock = class java.util.concurrent.locks.ReentrantReadWriteLock$ReadLock@3c954858
      writerLock = class java.util.concurrent.locks.ReentrantReadWriteLock$WriteLock@4405a985
      sync = class java.util.concurrent.locks.ReentrantReadWriteLock$NonfairSync@345316a9
      UNSAFE = class sun.misc.Unsafe@7c5ba892
      TID_OFFSET = 40
    serialVersionUID = -4780118417520358489
    homeRuntime = true
    remoteRuntime = false
    tc = class com.ibm.websphere.ras.TraceComponent@40c1aca3
    serialVersionUID = -3640155928955231790
  scheduledExecutorService = class com.ibm.ws.threading.internal.ScheduledExecutorImpl@67a690c4
    threadGroupName = "Scheduled Executor Thread Group"
    executor = class com.ibm.ws.threading.internal.ExecutorServiceImpl@5392e31d
      threadPool = class java.util.concurrent.ThreadPoolExecutor@27f9d088
      threadPoolController = class com.ibm.ws.threading.internal.ThreadPoolController@2665f781
      poolName = "Default Executor"
      MINIMUM_POOL_SIZE = 4
      componentConfig = class org.apache.felix.scr.impl.helper.ReadOnlyDictionary@6a807ca5
      interceptorsActive = false
      interceptors = class java.util.concurrent.CopyOnWriteArraySet@cde2a5c
      threadFactory = null
      serverStopping = false
      phaser = class java.util.concurrent.Phaser@65cad6df
      serialVersionUID = 6930666794455919448
      $$$tc$$$ = class com.ibm.websphere.ras.TraceComponent@2392ed
    serialVersionUID = -9110693807503469597
    $$$tc$$$ = class com.ibm.websphere.ras.TraceComponent@323d5eeb
      strings[0] = "TraceComponent[com.ibm.ws.threading.internal.ScheduledExecutorImpl,class com.ibm.ws.threading.internal.ScheduledExecutorImpl,[Threading],com.ibm.ws.threading.internal.resources.ThreadingMessages,null]"
    continueExistingPeriodicTasksAfterShutdown = false
    executeExistingDelayedTasksAfterShutdown = true
    removeOnCancel = false
    sequencer = class java.util.concurrent.atomic.AtomicLong@65040f8e
      serialVersionUID = 1927816293512124184
      unsafe = class sun.misc.Unsafe@7c5ba892
      valueOffset = 16
      VM_SUPPORTS_LONG_CAS = true
      value = 216
      serialVersionUID = -8742448824652078965
    ctl = class java.util.concurrent.atomic.AtomicInteger@412d565c
      serialVersionUID = 6214790243416807050
      unsafe = class sun.misc.Unsafe@7c5ba892
      valueOffset = 12
      value = -536870911
      serialVersionUID = -8742448824652078965
    COUNT_BITS = 29
    CAPACITY = 536870911
    RUNNING = -536870912
    SHUTDOWN = 0
    STOP = 536870912
    TIDYING = 1073741824
    TERMINATED = 1610612736
    workQueue = class java.util.concurrent.ScheduledThreadPoolExecutor$DelayedWorkQueue@62660fe7
      INITIAL_CAPACITY = 16
      queue = interface java.util.concurrent.RunnableScheduledFuture[16]
      lock = class java.util.concurrent.locks.ReentrantLock@7226ebcc
      size = 13
      leader = class java.lang.Thread@3e1d5254
      available = class java.util.concurrent.locks.AbstractQueuedSynchronizer$ConditionObject@5e6beed8
      MAX_ARRAY_SIZE = 2147483639
    mainLock = class java.util.concurrent.locks.ReentrantLock@487d81f6
      serialVersionUID = 7373984872572414699
      sync = class java.util.concurrent.locks.ReentrantLock$NonfairSync@43b72738
    workers = class java.util.HashSet@c3309ef
      serialVersionUID = -5024744406713321676
      map = class java.util.HashMap@7ffb6ef0
      PRESENT = class java.lang.Object@1af40d82
      MAX_ARRAY_SIZE = 2147483639
    termination = class java.util.concurrent.locks.AbstractQueuedSynchronizer$ConditionObject@27873183
      serialVersionUID = 1173984872572414699
      firstWaiter = null
      lastWaiter = null
      REINTERRUPT = 1
      THROW_IE = -1
      this$0 = class java.util.concurrent.locks.ReentrantLock$NonfairSync@43b72738
    largestPoolSize = 1
    completedTaskCount = 0
    threadFactory = class com.ibm.ws.threading.internal.ThreadFactoryImpl@754c0ba3
      tc = class com.ibm.websphere.ras.TraceComponent@5cdb35c0
      TRACE_ENABLED_AT_STARTUP = false
      createdThreadCount = class java.util.concurrent.atomic.AtomicInteger@311679e7
      executorName = "Scheduled Executor"
      threadGroup = class java.lang.ThreadGroup@7785d4ca
      contextClassLoader = class org.eclipse.osgi.internal.framework.ContextFinder@17e8e161
      serialVersionUID = -3600085245630848128
    handler = class java.util.concurrent.ThreadPoolExecutor$AbortPolicy@5e5e7299
    keepAliveTime = 0
    allowCoreThreadTimeOut = false
    corePoolSize = 1
    maximumPoolSize = 2147483647
    defaultHandler = class java.util.concurrent.ThreadPoolExecutor$AbortPolicy@5e5e7299
    shutdownPerm = class java.lang.RuntimePermission@ca19bea
      serialVersionUID = 7399184964622342223
      serialVersionUID = 6279438298436773498
      wildcard = false
      path = "modifyThread"
      exitVM = false
      serialVersionUID = -5636570222231596674
      name = "modifyThread"
    acc = null
    ONLY_ONE = true
    $assertionsDisabled = true
  deferrableScheduledExecutorService = class com.ibm.ws.threading.internal.DeferrableScheduledExecutorImpl@73ca562d
    PERIOD_MILLISECONDS = 15000
    executor = class com.ibm.ws.threading.internal.ScheduledExecutorImpl@67a690c4
    serialVersionUID = 117550544710569826
    $$$tc$$$ = class com.ibm.websphere.ras.TraceComponent@750de201
      strings[0] = "TraceComponent[com.ibm.ws.threading.internal.DeferrableScheduledExecutorImpl,class com.ibm.ws.threading.internal.DeferrableScheduledExecutorImpl,[Threading],com.ibm.ws.threading.internal.resources.ThreadingMessages,null]"
  j2eeNameFactory = class com.ibm.ws.container.service.metadata.internal.J2EENameFactoryImpl@628ae4bc
    serialVersionUID = 3486344295038028821
    $$$tc$$$ = class com.ibm.websphere.ras.TraceComponent@5c25e526
      strings[0] = "TraceComponent[com.ibm.ws.container.service.metadata.internal.J2EENameFactoryImpl,class com.ibm.ws.container.service.metadata.internal.J2EENameFactoryImpl,[Runtime],null,null]"
  metaDataService = class com.ibm.ws.container.service.metadata.internal.MetaDataServiceImpl@35654ac2
    applicationMetaDataManager = class com.ibm.ws.container.service.metadata.internal.ApplicationMetaDataManager@19ee66ce
    moduleMetaDataManager = class com.ibm.ws.container.service.metadata.internal.ModuleMetaDataManager@45f25160
      serialVersionUID = 2513574389899327209
      $$$tc$$$ = class com.ibm.websphere.ras.TraceComponent@5e9a4e40
      listeners = class com.ibm.wsspi.kernel.service.utils.ConcurrentServiceReferenceSet@516c06a
      metaDataIDs = class com.ibm.ws.container.service.metadata.internal.IndexList@78e7965e
      metaDatas = class java.util.ArrayList@4b28dbb3
      slotIDs = class com.ibm.ws.container.service.metadata.internal.IndexList@706984e2
      serialVersionUID = 5464421863354792977
      $$$tc$$$ = class com.ibm.websphere.ras.TraceComponent@555c1a45
    componentMetaDataManager = class com.ibm.ws.container.service.metadata.internal.ComponentMetaDataManager@5b676b74
      serialVersionUID = 8629793739641703882
      $$$tc$$$ = class com.ibm.websphere.ras.TraceComponent@7dfd4531
      listeners = class com.ibm.wsspi.kernel.service.utils.ConcurrentServiceReferenceSet@454d55b
      metaDataIDs = class com.ibm.ws.container.service.metadata.internal.IndexList@6d184034
      metaDatas = class java.util.ArrayList@1583f937
      slotIDs = class com.ibm.ws.container.service.metadata.internal.IndexList@34405015
      serialVersionUID = 5464421863354792977
      $$$tc$$$ = class com.ibm.websphere.ras.TraceComponent@555c1a45
    methodMetaDataManager = class com.ibm.ws.container.service.metadata.internal.MethodMetaDataManager@4e6362a8
      serialVersionUID = -8002489041502300640
      $$$tc$$$ = class com.ibm.websphere.ras.TraceComponent@65947b40
      listeners = class com.ibm.wsspi.kernel.service.utils.ConcurrentServiceReferenceSet@403870be
      metaDataIDs = class com.ibm.ws.container.service.metadata.internal.IndexList@7bc3bf38
      metaDatas = class java.util.ArrayList@158b7ef3
      slotIDs = class com.ibm.ws.container.service.metadata.internal.IndexList@319a0141
      serialVersionUID = 5464421863354792977
      $$$tc$$$ = class com.ibm.websphere.ras.TraceComponent@555c1a45
    appModuleNameToModuleContainer = class java.util.concurrent.ConcurrentHashMap@4dcce987
      serialVersionUID = 7249069246763182397
      MAXIMUM_CAPACITY = 1073741824
      DEFAULT_CAPACITY = 16
      MAX_ARRAY_SIZE = 2147483639
      DEFAULT_CONCURRENCY_LEVEL = 16
      LOAD_FACTOR = 0.75
      TREEIFY_THRESHOLD = 8
      UNTREEIFY_THRESHOLD = 6
      MIN_TREEIFY_CAPACITY = 64
      MIN_TRANSFER_STRIDE = 16
      RESIZE_STAMP_BITS = 16
      MAX_RESIZERS = 65535
      RESIZE_STAMP_SHIFT = 16
      MOVED = -1
      TREEBIN = -2
      RESERVED = -3
      HASH_BITS = 2147483647
      NCPU = 4
      serialPersistentFields = class java.io.ObjectStreamField[3]
      table = class java.util.concurrent.ConcurrentHashMap$Node[16]
      nextTable = null
      baseCount = 1
      sizeCtl = 12
      transferIndex = 0
      cellsBusy = 0
      counterCells = null
      keySet = null
      values = null
      entrySet = null
      U = class sun.misc.Unsafe@7c5ba892
      SIZECTL = 20
      TRANSFERINDEX = 32
      BASECOUNT = 24
      CELLSBUSY = 36
      CELLVALUE = 144
      ABASE = 16
      ASHIFT = 2
      keySet = null
      values = null
    jeeNameToComponentMetaData = class java.util.concurrent.ConcurrentHashMap@1ae2c80f
      serialVersionUID = 7249069246763182397
      MAXIMUM_CAPACITY = 1073741824
      DEFAULT_CAPACITY = 16
      MAX_ARRAY_SIZE = 2147483639
      DEFAULT_CONCURRENCY_LEVEL = 16
      LOAD_FACTOR = 0.75
      TREEIFY_THRESHOLD = 8
      UNTREEIFY_THRESHOLD = 6
      MIN_TREEIFY_CAPACITY = 64
      MIN_TRANSFER_STRIDE = 16
      RESIZE_STAMP_BITS = 16
      MAX_RESIZERS = 65535
      RESIZE_STAMP_SHIFT = 16
      MOVED = -1
      TREEBIN = -2
      RESERVED = -3
      HASH_BITS = 2147483647
      NCPU = 4
      serialPersistentFields = class java.io.ObjectStreamField[3]
      table = class java.util.concurrent.ConcurrentHashMap$Node[16]
      nextTable = null
      baseCount = 2
      sizeCtl = 12
      transferIndex = 0
      cellsBusy = 0
      counterCells = null
      keySet = null
      values = null
      entrySet = null
      U = class sun.misc.Unsafe@7c5ba892
      SIZECTL = 20
      TRANSFERINDEX = 32
      BASECOUNT = 24
      CELLSBUSY = 36
      CELLVALUE = 144
      ABASE = 16
      ASHIFT = 2
      keySet = null
      values = null
    deferredMetaDataFactories = class com.ibm.wsspi.kernel.service.utils.ConcurrentServiceReferenceSet@7abe3cec
      referenceName = "deferredMetaDataFactory"
      contextRef = class java.util.concurrent.atomic.AtomicReference@4cb1a9b8
      elementMap = class java.util.LinkedHashMap@1bc06aa0
      elementSet = class java.util.concurrent.ConcurrentSkipListSet@645b8c22
      elementSetUnsorted = false
      serialVersionUID = 756240983881166148
      $$$tc$$$ = class com.ibm.websphere.ras.TraceComponent@38942ec0
    deferredMetaDataInitializers = class com.ibm.wsspi.kernel.service.utils.ConcurrentServiceReferenceMap@2f9d6731
      referenceName = "deferredMetaDataFactory"
      context = class org.apache.felix.scr.impl.manager.ComponentContextImpl@7b4f9da0
      elementMap = class java.util.concurrent.ConcurrentHashMap@14fb030d
      serialVersionUID = 6980924785166233786
      $$$tc$$$ = class com.ibm.websphere.ras.TraceComponent@e7bd7ed
    serialVersionUID = -2494605732980966097
    $$$tc$$$ = class com.ibm.websphere.ras.TraceComponent@6ed9dd2e
      strings[0] = "TraceComponent[com.ibm.ws.container.service.metadata.internal.MetaDataServiceImpl,class com.ibm.ws.container.service.metadata.internal.MetaDataServiceImpl,[Runtime],null,null]"
  classLoadingService = class com.ibm.ws.classloading.internal.ClassLoadingServiceImpl@6696dc1a
    tc = class com.ibm.websphere.ras.TraceComponent@59c833f6
      strings[0] = "TraceComponent[com.ibm.ws.classloading.internal.ClassLoadingServiceImpl,class com.ibm.ws.classloading.internal.ClassLoadingServiceImpl,[ClassLoadingService],com.ibm.ws.classloading.internal.resources.ClassLoadingServiceMessages,null]"
    leakDetectionMap = class java.util.HashMap@4a5ff55f
      serialVersionUID = 362498820763181265
      DEFAULT_INITIAL_CAPACITY = 16
      MAXIMUM_CAPACITY = 1073741824
      DEFAULT_LOAD_FACTOR = 0.75
      TREEIFY_THRESHOLD = 8
      UNTREEIFY_THRESHOLD = 6
      MIN_TREEIFY_CAPACITY = 64
      table = null
      entrySet = null
      size = 0
      modCount = 0
      threshold = 0
      loadFactor = 0.75
      keySet = null
      values = null
    appClassLoaders = class java.util.Collections$SetFromMap@7abe7144
      m = class java.util.WeakHashMap@51a1c1ae
      s = class java.util.WeakHashMap$KeySet@53fa533c
      serialVersionUID = 2454657854757543876
      MAX_ARRAY_SIZE = 2147483639
    TCCL_LOCK_WAIT = 15000
    REFERENCE_GENERATORS = "generators"
    bundleContext = class org.eclipse.osgi.internal.framework.BundleContextImpl@6a77c83d
      findHookName = "org.osgi.framework.hooks.bundle.FindHook"
      valid = true
      bundle = class org.eclipse.osgi.internal.framework.EquinoxBundle@48a867aa
      container = class org.eclipse.osgi.internal.framework.EquinoxContainer@748bab4d
      debug = class org.eclipse.osgi.internal.debug.Debug@537a5055
      servicesInUse = class java.util.HashMap@2141dd84
      activator = null
      contextLock = class java.lang.Object@ed5f7a3
    aclStore = class com.ibm.ws.classloading.internal.util.CanonicalStore@3a85fcf4
      map = class java.util.concurrent.ConcurrentHashMap@69fdda5
      q = class com.ibm.ws.classloading.internal.util.RefQueue@7c002c7d
      serialVersionUID = 6715157558227169968
      $$$tc$$$ = class com.ibm.websphere.ras.TraceComponent@7a9a003f
    tcclStore = class com.ibm.ws.classloading.internal.util.CanonicalStore@27fead2
      map = class java.util.concurrent.ConcurrentHashMap@27743fd7
      q = class com.ibm.ws.classloading.internal.util.RefQueue@476607f5
      serialVersionUID = 6715157558227169968
      $$$tc$$$ = class com.ibm.websphere.ras.TraceComponent@7a9a003f
    tcclStoreLock = class java.util.concurrent.locks.ReentrantLock@37bf02cf
      serialVersionUID = 7373984872572414699
      sync = class java.util.concurrent.locks.ReentrantLock$NonfairSync@698c8d75
    digraph = class org.eclipse.equinox.internal.region.StandardRegionDigraph@3e82712d
      EMPTY_EDGE_SET = class java.util.Collections$UnmodifiableSet@c6cb05a
      monitor = class java.lang.Object@ae0bc87
      regions = class java.util.HashMap@7dce4b81
      bundleIdToRegionMapping = class org.eclipse.equinox.internal.region.StandardBundleIdToRegionMapping@24d5160c
      edges = class java.util.HashMap@4d529cac
      bundleContext = class org.eclipse.osgi.internal.framework.BundleContextImpl@48793bef
      threadLocal = class java.lang.ThreadLocal@42591505
      subgraphTraverser = class org.eclipse.equinox.internal.region.SubgraphTraverser@4dc4cc8c
      bundleCollisionHook = class org.eclipse.equinox.internal.region.hook.RegionBundleCollisionHook@412dd64e
      bundleEventHook = class org.eclipse.equinox.internal.region.hook.RegionBundleEventHook@1843853b
      bundleFindHook = class org.eclipse.equinox.internal.region.hook.RegionBundleFindHook@12384a0b
      serviceEventHook = class org.eclipse.equinox.internal.region.hook.RegionServiceEventHook@79f3546c
      serviceFindHook = class org.eclipse.equinox.internal.region.hook.RegionServiceFindHook@56c372ba
      resolverHookFactory = class org.eclipse.equinox.internal.region.hook.RegionResolverHookFactory@52ad4f04
      origin = null
      originUpdateCount = -1
      updateCount = class java.util.concurrent.atomic.AtomicLong@2953f48
      defaultRegion = null
    redefiner = class com.ibm.ws.classloading.internal.util.ClassRedefiner@2bf55855
      tc = class com.ibm.websphere.ras.TraceComponent@7bca3725
      LS = "
"
      inst = class com.sun.proxy.$Proxy0@7433ac71
      serialVersionUID = 2420101865139508526
    listener = class com.ibm.ws.classloading.internal.ClassLoadingServiceImpl$1@56a11e83
      this$0 = class com.ibm.ws.classloading.internal.ClassLoadingServiceImpl@6696dc1a
      serialVersionUID = -9159707349812113172
      $$$tc$$$ = class com.ibm.websphere.ras.TraceComponent@61fa6fa8
    classloaders = class java.util.Collections$SynchronizedMap@1947d7e2
      serialVersionUID = 1978198479659022715
      m = class java.util.HashMap@77cfd16b
      mutex = class java.util.Collections$SynchronizedMap@1947d7e2
      keySet = null
      entrySet = null
      values = null
    resourceProviders = class com.ibm.ws.classloading.internal.CompositeResourceProvider@34e1d6fe
      lockFactory = class java.util.concurrent.locks.ReentrantReadWriteLock@1d6a5f23
      providerMap = class com.ibm.ws.classloading.internal.util.MultiMap@7cf518bb
      serialVersionUID = -5576435894946156347
      $$$tc$$$ = class com.ibm.websphere.ras.TraceComponent@1ca9ba61
    rememberedBundles = class java.util.concurrent.ConcurrentHashMap@35d717c7
      serialVersionUID = 7249069246763182397
      MAXIMUM_CAPACITY = 1073741824
      DEFAULT_CAPACITY = 16
      MAX_ARRAY_SIZE = 2147483639
      DEFAULT_CONCURRENCY_LEVEL = 16
      LOAD_FACTOR = 0.75
      TREEIFY_THRESHOLD = 8
      UNTREEIFY_THRESHOLD = 6
      MIN_TREEIFY_CAPACITY = 64
      MIN_TRANSFER_STRIDE = 16
      RESIZE_STAMP_BITS = 16
      MAX_RESIZERS = 65535
      RESIZE_STAMP_SHIFT = 16
      MOVED = -1
      TREEBIN = -2
      RESERVED = -3
      HASH_BITS = 2147483647
      NCPU = 4
      serialPersistentFields = class java.io.ObjectStreamField[3]
      table = class java.util.concurrent.ConcurrentHashMap$Node[16]
      nextTable = null
      baseCount = 2
      sizeCtl = 12
      transferIndex = 0
      cellsBusy = 0
      counterCells = null
      keySet = null
      values = null
      entrySet = null
      U = class sun.misc.Unsafe@7c5ba892
      SIZECTL = 20
      TRANSFERINDEX = 32
      BASECOUNT = 24
      CELLSBUSY = 36
      CELLVALUE = 144
      ABASE = 16
      ASHIFT = 2
      keySet = null
      values = null
    collectedBundles = class java.lang.ref.ReferenceQueue@6b5c42f8
      NULL = class java.lang.ref.ReferenceQueue$Null@e7dc533
      ENQUEUED = class java.lang.ref.ReferenceQueue$Null@7dbb95b1
      lock = class java.lang.ref.ReferenceQueue$Lock@74a634e8
      head = null
      queueLength = 0
      $assertionsDisabled = true
    generatorRefs = class com.ibm.wsspi.kernel.service.utils.ConcurrentServiceReferenceSet@4c0360b6
      referenceName = "generators"
      contextRef = class java.util.concurrent.atomic.AtomicReference@2cbda36e
      elementMap = class java.util.LinkedHashMap@14501c92
      elementSet = class java.util.concurrent.ConcurrentSkipListSet@3f940e2f
      elementSetUnsorted = false
      serialVersionUID = 756240983881166148
      $$$tc$$$ = class com.ibm.websphere.ras.TraceComponent@38942ec0
    generatorManager = class com.ibm.ws.classloading.internal.ClassGeneratorManager@766f19ee
      tc = class com.ibm.websphere.ras.TraceComponent@64b88bb7
      generatorRefs = class com.ibm.wsspi.kernel.service.utils.ConcurrentServiceReferenceSet@4c0360b6
      serialVersionUID = 4152663586056483310
    appExtLibs = class java.util.concurrent.CopyOnWriteArrayList@7b8b51cb
      serialVersionUID = 8673264195747942595
      lock = class java.util.concurrent.locks.ReentrantLock@66dcd24d
      array = class java.lang.Object[0]
      UNSAFE = class sun.misc.Unsafe@7c5ba892
      lockOffset = 12
    globalConfig = class com.ibm.ws.classloading.configuration.GlobalClassloadingConfiguration@72c987c0
      properties = class org.apache.felix.scr.impl.helper.ReadOnlyDictionary@4ff1418c
      serialVersionUID = 452562347104713756
      $$$tc$$$ = class com.ibm.websphere.ras.TraceComponent@5661ebd
    metaInfServicesProviders = class java.util.concurrent.ConcurrentHashMap@25984fff
      serialVersionUID = 7249069246763182397
      MAXIMUM_CAPACITY = 1073741824
      DEFAULT_CAPACITY = 16
      MAX_ARRAY_SIZE = 2147483639
      DEFAULT_CONCURRENCY_LEVEL = 16
      LOAD_FACTOR = 0.75
      TREEIFY_THRESHOLD = 8
      UNTREEIFY_THRESHOLD = 6
      MIN_TREEIFY_CAPACITY = 64
      MIN_TRANSFER_STRIDE = 16
      RESIZE_STAMP_BITS = 16
      MAX_RESIZERS = 65535
      RESIZE_STAMP_SHIFT = 16
      MOVED = -1
      TREEBIN = -2
      RESERVED = -3
      HASH_BITS = 2147483647
      NCPU = 4
      serialPersistentFields = class java.io.ObjectStreamField[3]
      table = null
      nextTable = null
      baseCount = 0
      sizeCtl = 0
      transferIndex = 0
      cellsBusy = 0
      counterCells = null
      keySet = null
      values = null
      entrySet = null
      U = class sun.misc.Unsafe@7c5ba892
      SIZECTL = 20
      TRANSFERINDEX = 32
      BASECOUNT = 24
      CELLSBUSY = 36
      CELLVALUE = 144
      ABASE = 16
      ASHIFT = 2
      keySet = null
      values = null
    metaInfServicesRefs = class com.ibm.wsspi.kernel.service.utils.ConcurrentServiceReferenceMap@2b3692cb
      referenceName = "MetaInfServicesProvider"
      context = class org.apache.felix.scr.impl.manager.ComponentContextImpl@a00ee0d
      elementMap = class java.util.concurrent.ConcurrentHashMap@6358d986
      serialVersionUID = 6980924785166233786
      $$$tc$$$ = class com.ibm.websphere.ras.TraceComponent@e7bd7ed
    protectionDomainMap = null
    metadataIdentifierService = class com.ibm.ws.container.service.metadata.internal.MetaDataServiceImpl@35654ac2
    globalSharedLibrary = class java.util.concurrent.atomic.AtomicReference@a928b6f
      serialVersionUID = -1848883965231344442
      unsafe = class sun.misc.Unsafe@7c5ba892
      valueOffset = 12
      value = null
    serialVersionUID = 4365026902615131286
  appSlot = class com.ibm.ws.runtime.metadata.MetaDataSlotImpl@474c85db
    id = 2
    destroyed = false
    metadataIntf = class java.lang.Class@5370859e
      ANNOTATION = 8192
      ENUM = 16384
      SYNTHETIC = 4096
      cachedConstructor = null
      newInstanceCallerCache = null
      name = null
      allPermDomain = class java.security.ProtectionDomain@7099f821
      useCaches = true
      reflectionData = null
      classRedefinedCount = 0
      genericInfo = null
      serialVersionUID = 3206093459760846163
      serialPersistentFields = class java.io.ObjectStreamField[0]
      reflectionFactory = class sun.reflect.ReflectionFactory@79fe22ea
      initted = true
      enumConstants = null
      enumConstantDirectory = null
      annotationData = null
      annotationType = null
      classValueMap = null
    manager = class com.ibm.ws.container.service.metadata.internal.ApplicationMetaDataManager@19ee66ce
      serialVersionUID = 1843747281024490904
      $$$tc$$$ = class com.ibm.websphere.ras.TraceComponent@3559ee60
      listeners = class com.ibm.wsspi.kernel.service.utils.ConcurrentServiceReferenceSet@7b7e6d9e
      metaDataIDs = class com.ibm.ws.container.service.metadata.internal.IndexList@74b4b9f5
      metaDatas = class java.util.ArrayList@52ad4261
      slotIDs = class com.ibm.ws.container.service.metadata.internal.IndexList@7ead959
      serialVersionUID = 5464421863354792977
      $$$tc$$$ = class com.ibm.websphere.ras.TraceComponent@555c1a45
    bundle = class org.eclipse.osgi.internal.framework.EquinoxBundle@4426c867
      equinoxContainer = class org.eclipse.osgi.internal.framework.EquinoxContainer@748bab4d
      module = class org.eclipse.osgi.internal.framework.EquinoxBundle$EquinoxModule@372defde
      monitor = class java.lang.Object@3ae5c2e2
      context = class org.eclipse.osgi.internal.framework.BundleContextImpl@447588f5
      signerInfos = null
      $SWITCH_TABLE$org$eclipse$osgi$container$Module$State = {1,2,3,4,5,6,7} /* array length = 7 */
  userTransaction = class com.ibm.ws.transaction.services.UserTransactionService@72d6268a
    ut = class com.ibm.tx.jta.embeddable.impl.EmbeddableUserTransactionImpl@4be30f7a
      tc = class com.ibm.ejs.ras.TraceComponent@23234e53
      _instance = class com.ibm.tx.jta.embeddable.impl.EmbeddableUserTransactionImpl@4be30f7a
      isEnabled = class com.ibm.tx.jta.embeddable.impl.EmbeddableUserTransactionImpl$1@7de3444
      tc = class com.ibm.ws.tx.util.logging.WASTraceComponent@3654597d
      _callbackManager = class com.ibm.ws.uow.UOWScopeCallbackManager@d58df05
      _tm = null
      _instance = class com.ibm.tx.jta.impl.UserTransactionImpl@7b52a6fe
    serialVersionUID = -1625627843543890907
    $$$tc$$$ = class com.ibm.websphere.ras.TraceComponent@106d8f87
      strings[0] = "TraceComponent[com.ibm.ws.transaction.services.UserTransactionService,class com.ibm.ws.transaction.services.UserTransactionService,[transaction],com.ibm.ws.transaction.services.TransactionMessages,null]"
  resourceRefConfigFactory = class com.ibm.ws.resource.internal.ResourceRefConfigFactoryImpl@6dfa4148
    serialVersionUID = -2177844205625513625
    $$$tc$$$ = class com.ibm.websphere.ras.TraceComponent@24a55787
      strings[0] = "TraceComponent[com.ibm.ws.resource.internal.ResourceRefConfigFactoryImpl,class com.ibm.ws.resource.internal.ResourceRefConfigFactoryImpl,[resource],com.ibm.ws.resource.internal.resources.Runtime,null]"
  runtimeVersionRef = class com.ibm.wsspi.kernel.service.utils.AtomicServiceReference@3ddc36e1
    referenceName = "ejbRuntimeVersion"
    tuple = class java.util.concurrent.atomic.AtomicReference@630fb0ef
      serialVersionUID = -1848883965231344442
      unsafe = class sun.misc.Unsafe@7c5ba892
      valueOffset = 12
      value = class com.ibm.wsspi.kernel.service.utils.AtomicServiceReference$ReferenceTuple@23d6ed8e
    serialVersionUID = 2226592364007985000
    $$$tc$$$ = class com.ibm.websphere.ras.TraceComponent@acdf7a0
  serializationServiceRef = class com.ibm.wsspi.kernel.service.utils.AtomicServiceReference@1e9d0edc
    referenceName = "serializationService"
    tuple = class java.util.concurrent.atomic.AtomicReference@38a46277
      serialVersionUID = -1848883965231344442
      unsafe = class sun.misc.Unsafe@7c5ba892
      valueOffset = 12
      value = class com.ibm.wsspi.kernel.service.utils.AtomicServiceReference$ReferenceTuple@7b3b73d4
    serialVersionUID = 2226592364007985000
    $$$tc$$$ = class com.ibm.websphere.ras.TraceComponent@acdf7a0
      strings[0] = "TraceComponent[com.ibm.wsspi.kernel.service.utils.AtomicServiceReference,class com.ibm.wsspi.kernel.service.utils.AtomicServiceReference,[kernelUtils],com.ibm.ws.kernel.service.utils.resources.ServiceMessages,null]"
  mdbRuntimeServiceRef = class com.ibm.wsspi.kernel.service.utils.AtomicServiceReference@5dbc99f3
    referenceName = "mdbRuntime"
    tuple = class java.util.concurrent.atomic.AtomicReference@34dbfa7a
      serialVersionUID = -1848883965231344442
      unsafe = class sun.misc.Unsafe@7c5ba892
      valueOffset = 12
      value = class com.ibm.wsspi.kernel.service.utils.AtomicServiceReference$ReferenceTuple@76d0aca9
    serialVersionUID = 2226592364007985000
    $$$tc$$$ = class com.ibm.websphere.ras.TraceComponent@acdf7a0
  jpaContainerServiceRef = class com.ibm.wsspi.kernel.service.utils.AtomicServiceReference@62f3730d
    referenceName = "jpaContainer"
    tuple = class java.util.concurrent.atomic.AtomicReference@785258f6
      serialVersionUID = -1848883965231344442
      unsafe = class sun.misc.Unsafe@7c5ba892
      valueOffset = 12
      value = class com.ibm.wsspi.kernel.service.utils.AtomicServiceReference$ReferenceTuple@36cccfbf
    serialVersionUID = 2226592364007985000
    $$$tc$$$ = class com.ibm.websphere.ras.TraceComponent@acdf7a0
  jcdiHelperFactoryServiceRef = class com.ibm.wsspi.kernel.service.utils.AtomicServiceReference@3e442a8c
    referenceName = "jndiHelperFactory"
    tuple = class java.util.concurrent.atomic.AtomicReference@3f92dfe6
      serialVersionUID = -1848883965231344442
      unsafe = class sun.misc.Unsafe@7c5ba892
      valueOffset = 12
      value = class com.ibm.wsspi.kernel.service.utils.AtomicServiceReference$ReferenceTuple@716af1ad
    serialVersionUID = 2226592364007985000
    $$$tc$$$ = class com.ibm.websphere.ras.TraceComponent@acdf7a0
  ejbAsyncRuntimeServiceRef = class com.ibm.wsspi.kernel.service.utils.AtomicServiceReference@48593876
    referenceName = "ejbAsyncRuntime"
    tuple = class java.util.concurrent.atomic.AtomicReference@7e6fb1cd
      serialVersionUID = -1848883965231344442
      unsafe = class sun.misc.Unsafe@7c5ba892
      valueOffset = 12
      value = class com.ibm.wsspi.kernel.service.utils.AtomicServiceReference$ReferenceTuple@39c61a54
    serialVersionUID = 2226592364007985000
    $$$tc$$$ = class com.ibm.websphere.ras.TraceComponent@acdf7a0
  ejbTimerRuntimeServiceRef = class com.ibm.wsspi.kernel.service.utils.AtomicServiceReference@7113438f
    referenceName = "ejbTimerRuntime"
    tuple = class java.util.concurrent.atomic.AtomicReference@2151c8de
      serialVersionUID = -1848883965231344442
      unsafe = class sun.misc.Unsafe@7c5ba892
      valueOffset = 12
      value = class com.ibm.wsspi.kernel.service.utils.AtomicServiceReference$ReferenceTuple@7322b34a
    serialVersionUID = 2226592364007985000
    $$$tc$$$ = class com.ibm.websphere.ras.TraceComponent@acdf7a0
  ejbPersistentTimerRuntimeServiceRef = class com.ibm.wsspi.kernel.service.utils.AtomicServiceReference@8813dbb
    referenceName = "ejbPersistentTimerRuntime"
    tuple = class java.util.concurrent.atomic.AtomicReference@606d84f6
      serialVersionUID = -1848883965231344442
      unsafe = class sun.misc.Unsafe@7c5ba892
      valueOffset = 12
      value = class com.ibm.wsspi.kernel.service.utils.AtomicServiceReference$ReferenceTuple@51d3c156
    serialVersionUID = 2226592364007985000
    $$$tc$$$ = class com.ibm.websphere.ras.TraceComponent@acdf7a0
  ejbHomeRuntimeServiceRef = class com.ibm.wsspi.kernel.service.utils.AtomicServiceReference@170e766d
    referenceName = "ejbHomeRuntime"
    tuple = class java.util.concurrent.atomic.AtomicReference@519a46cd
      serialVersionUID = -1848883965231344442
      unsafe = class sun.misc.Unsafe@7c5ba892
      valueOffset = 12
      value = class com.ibm.wsspi.kernel.service.utils.AtomicServiceReference$ReferenceTuple@30bcef59
    serialVersionUID = 2226592364007985000
    $$$tc$$$ = class com.ibm.websphere.ras.TraceComponent@acdf7a0
  ejbRemoteRuntimeServiceRef = class com.ibm.wsspi.kernel.service.utils.AtomicServiceReference@16156672
    referenceName = "ejbRemoteRuntime"
    tuple = class java.util.concurrent.atomic.AtomicReference@5373394
      serialVersionUID = -1848883965231344442
      unsafe = class sun.misc.Unsafe@7c5ba892
      valueOffset = 12
      value = class com.ibm.wsspi.kernel.service.utils.AtomicServiceReference$ReferenceTuple@67c4ad9e
    serialVersionUID = 2226592364007985000
    $$$tc$$$ = class com.ibm.websphere.ras.TraceComponent@acdf7a0
  ejbMBeanRuntimeServiceRef = class com.ibm.wsspi.kernel.service.utils.AtomicServiceReference@7df14004
    referenceName = "ejbMBeanRuntime"
    tuple = class java.util.concurrent.atomic.AtomicReference@1c50e2ca
      serialVersionUID = -1848883965231344442
      unsafe = class sun.misc.Unsafe@7c5ba892
      valueOffset = 12
      value = class com.ibm.wsspi.kernel.service.utils.AtomicServiceReference$ReferenceTuple@4558e731
    serialVersionUID = 2226592364007985000
    $$$tc$$$ = class com.ibm.websphere.ras.TraceComponent@acdf7a0
  managedObjectServiceRef = class com.ibm.wsspi.kernel.service.utils.AtomicServiceReference@7c1cc6e4
    referenceName = "managedObjectService"
    tuple = class java.util.concurrent.atomic.AtomicReference@50ad6e7a
      serialVersionUID = -1848883965231344442
      unsafe = class sun.misc.Unsafe@7c5ba892
      valueOffset = 12
      value = class com.ibm.wsspi.kernel.service.utils.AtomicServiceReference$ReferenceTuple@68dec0a5
    serialVersionUID = 2226592364007985000
    $$$tc$$$ = class com.ibm.websphere.ras.TraceComponent@acdf7a0
  remoteFeatureLatch = null
  ejbRuntimeActive = true
  serverStopping = false
  webServicesHandlerResolver = null
  ejbPMICollaboratorFactory = null
  persistentTimerMsgLogged = false
  CACHE_SIZE = "cacheSize"
  CACHE_CLEANUP_INTERVAL = "cacheCleanupInterval"
  POOL_CLEANUP_INTERVAL = "poolCleanupInterval"
  START_EJBS_AT_APP_START = "startEJBsAtAppStart"
  BIND_TO_SERVER_ROOT = "bindToServerRoot"
  BIND_TO_JAVA_GLOBAL = "bindToJavaGlobal"
  DISABLE_SHORT_DEFAULT_BINDINGS = "disableShortDefaultBindings"
  IGNORE_DUPLICATE_BINDINGS = "ignoreDuplicateEJBBindings"
  CUSTOM_BINDINGS_ON_ERROR = "customBindingsOnError"
  serialVersionUID = -1083218400533711151
  CLASS_NAME = "com.ibm.ws.ejbcontainer.runtime.AbstractEJBRuntime"
  tc = class com.ibm.websphere.ras.TraceComponent@5500db41
    strings[0] = "TraceComponent[com.ibm.ws.ejbcontainer.runtime.AbstractEJBRuntime,class com.ibm.ws.ejbcontainer.runtime.AbstractEJBRuntime,[EJBContainer],com.ibm.ejs.container.container,null]"
  svThreadContextAccessor = class com.ibm.ws.util.ThreadContextAccessor$ReflectionThreadContextAccessorImpl@48e9fb0e
    field = class java.lang.reflect.Field@24b250e
      clazz = class java.lang.Class@483bf400
      slot = 9
      name = "contextClassLoader"
      type = class java.lang.Class@251a69d7
      modifiers = 2
      signature = null
      genericInfo = null
      annotations = null
      fieldAccessor = null
      overrideFieldAccessor = null
      root = class java.lang.reflect.Field@3593550a
      declaredAnnotations = null
      ACCESS_PERMISSION = class java.lang.reflect.ReflectPermission@6d181f79
      override = true
      reflectionFactory = class sun.reflect.ReflectionFactory@79fe22ea
      securityCheckCache = null
    tc = class com.ibm.ejs.ras.TraceComponent@6d83c678
      strings[0] = "TraceComponent[com.ibm.ws.util.ThreadContextAccessor,class com.ibm.ws.util.ThreadContextAccessor,[Runtime],null,null]"
    PRINT_STACK_ON_SET_CTX_CLASSLOADER = false
    PRIVILEGED_ACTION = class com.ibm.ws.util.ThreadContextAccessor$1@462b7e99
    UNCHANGED = class com.ibm.ws.util.ThreadContextAccessor$Unchanged@7a3c4e5b
    threadContextAccessor = class com.ibm.ws.util.ThreadContextAccessor$ReflectionThreadContextAccessorImpl@48e9fb0e
  ivContainer = class com.ibm.ejs.container.EJSContainer@60dc21ae
  ivInitAtStartup = false
  ivInitAtStartupSet = false
  ivDefaultDataSourceJNDIName = null
  ivUOWControl = class com.ibm.ejs.csi.TransactionControlImpl@7b4f3ddd
    tc = class com.ibm.websphere.ras.TraceComponent@2c64dfed
      strings[0] = "TraceComponent[com.ibm.ejs.csi.TransactionControlImpl,class com.ibm.ejs.csi.TransactionControlImpl,[EJBContainer],com.ibm.ejs.container.container,null]"
    CLASS_NAME = "com.ibm.ejs.csi.TransactionControlImpl"
    txService = class com.ibm.tx.jta.embeddable.impl.EmbeddableTranManagerSet@509fd440
      tc = class com.ibm.ejs.ras.TraceComponent@fe5677b
      _callbackManager = class com.ibm.ws.uow.UOWScopeCallbackManager@123754ca
      tc = class com.ibm.ws.tx.util.logging.WASTraceComponent@28da0641
      _instance = class com.ibm.tx.jta.embeddable.impl.EmbeddableTranManagerSet@509fd440
      _replayComplete = true
      _quiesced = false
      _thread = class com.ibm.tx.jta.embeddable.impl.EmbeddableTranManagerSet$1@bef793d
    uowCurrent = class com.ibm.tx.jta.embeddable.impl.EmbeddableTranManagerSet@509fd440
    ltcCurrent = class com.ibm.tx.ltc.embeddable.impl.EmbeddableLocalTranCurrentSet@30618074
      _callbackManager = class com.ibm.ws.uow.UOWScopeCallbackManager@39aa4edc
      _context = class com.ibm.tx.ltc.embeddable.impl.EmbeddableLocalTranCurrentSet$1@51c6c1f
      _instance = class com.ibm.tx.ltc.embeddable.impl.EmbeddableLocalTranCurrentSet@30618074
    txStrategies = class com.ibm.ejs.csi.TranStrategy[7]
      TranStrategy[0] = class com.ibm.ejs.csi.NotSupported@20fd3730
      TranStrategy[1] = class com.ibm.ejs.csi.BeanManaged@36bc6cff
      TranStrategy[2] = class com.ibm.ejs.csi.Required@5f9cb22c
      TranStrategy[3] = class com.ibm.ejs.csi.Supports@73d61128
      TranStrategy[4] = class com.ibm.ejs.csi.RequiresNew@3a5becd5
      TranStrategy[5] = class com.ibm.ejs.csi.Mandatory@6fd5b4f5
      TranStrategy[6] = class com.ibm.ejs.csi.Never@55e276f1
    userTransactionImpl = class com.ibm.ws.transaction.services.UserTransactionService@72d6268a
    stickyLocalTxTable = class com.ibm.ejs.util.FastHashtable@256bc8aa
      buckets = class com.ibm.ejs.util.Bucket[251]
      size = 0
    TIMEOUT_CLOCK_START = 0
    TIMEOUT_CLOCK_STOP = 2
  ivSfFailoverCache = null
  ivEJBMDOrchestrator = class com.ibm.ws.ejbcontainer.osgi.internal.EJBMDOrchestratorImpl@5fb6fbd6
  ivWebServicesHandlerResolver = null
  ivCMStatelessBeanOFactory = class com.ibm.ejs.container.CMStatelessBeanOFactory@2b0dc9c5
    tc = class com.ibm.websphere.ras.TraceComponent@7c72f9c3
      strings[0] = "TraceComponent[com.ibm.ejs.container.BeanOFactory,class com.ibm.ejs.container.BeanOFactory,[EJBContainer],com.ibm.ejs.container.container,null]"
  ivBMStatelessBeanOFactory = null
  ivCMStatefulBeanOFactory = null
  ivBMStatefulBeanOFactory = null
  ivSingletonBeanOFactory = null
  ivManagedBeanOFactory = null

