------Start of DE processing------ = [31/1/20 18:17:33:655 IST]
Exception = com.ibm.ws.exception.RuntimeWarning
Source = com.ibm.ws.ejbcontainer.runtime.AbstractEJBRuntime.startModule
probeid = 980
Stack Dump = com.ibm.ws.exception.RuntimeWarning: java.lang.NullPointerException
	at com.ibm.ws.ejbcontainer.runtime.AbstractEJBRuntime.uninstall(AbstractEJBRuntime.java:815)
	at com.ibm.ws.ejbcontainer.runtime.AbstractEJBRuntime.startModule(AbstractEJBRuntime.java:622)
	at com.ibm.ws.ejbcontainer.osgi.internal.EJBRuntimeImpl.start(EJBRuntimeImpl.java:1110)
	at com.ibm.ws.ejbcontainer.osgi.internal.EJBModuleRuntimeContainerImpl.startModule(EJBModuleRuntimeContainerImpl.java:145)
	at com.ibm.ws.app.manager.module.internal.ModuleHandlerBase.deployModule(ModuleHandlerBase.java:99)
	at com.ibm.ws.app.manager.module.internal.DeployedModuleInfoImpl.installModule(DeployedModuleInfoImpl.java:49)
	at com.ibm.ws.app.manager.module.internal.SimpleDeployedAppInfoBase.deployModules(SimpleDeployedAppInfoBase.java:578)
	at com.ibm.ws.app.manager.module.internal.SimpleDeployedAppInfoBase.installApp(SimpleDeployedAppInfoBase.java:514)
	at com.ibm.ws.app.manager.module.internal.DeployedAppInfoBase.deployApp(DeployedAppInfoBase.java:347)
	at com.ibm.ws.app.manager.ear.internal.EARApplicationHandlerImpl.install(EARApplicationHandlerImpl.java:76)
	at com.ibm.ws.app.manager.internal.statemachine.StartAction.execute(StartAction.java:140)
	at com.ibm.ws.app.manager.internal.statemachine.ApplicationStateMachineImpl.enterState(ApplicationStateMachineImpl.java:1266)
	at com.ibm.ws.app.manager.internal.statemachine.ApplicationStateMachineImpl.run(ApplicationStateMachineImpl.java:881)
	at com.ibm.ws.threading.internal.ExecutorServiceImpl$RunnableWrapper.run(ExecutorServiceImpl.java:239)
	at java.util.concurrent.ThreadPoolExecutor.runWorker(ThreadPoolExecutor.java:1149)
	at java.util.concurrent.ThreadPoolExecutor$Worker.run(ThreadPoolExecutor.java:624)
	at java.lang.Thread.run(Thread.java:748)
Caused by: java.lang.NullPointerException
	at com.ibm.ws.ejbcontainer.remote.internal.EJBRemoteRuntimeImpl.hasBindings(EJBRemoteRuntimeImpl.java:261)
	at com.ibm.ws.ejbcontainer.remote.internal.EJBRemoteRuntimeImpl.unbindAll(EJBRemoteRuntimeImpl.java:252)
	at com.ibm.ws.ejbcontainer.osgi.internal.NameSpaceBinderImpl.unbindBindings(NameSpaceBinderImpl.java:340)
	at com.ibm.ws.ejbcontainer.runtime.AbstractEJBRuntime.uninstall(AbstractEJBRuntime.java:760)
	... 16 more

Dump of callerThis
Object type = com.ibm.ws.ejbcontainer.osgi.internal.EJBRuntimeImpl
  CLASS_NAME = "com.ibm.ws.ejbcontainer.osgi.internal.EJBRuntimeImpl"
  tc = class com.ibm.websphere.ras.TraceComponent@53fb4a25
    strings[0] = "TraceComponent[com.ibm.ws.ejbcontainer.osgi.internal.EJBRuntimeImpl,class com.ibm.ws.ejbcontainer.osgi.internal.EJBRuntimeImpl,[EJBContainer],com.ibm.ws.ejbcontainer.osgi.internal.resources.EJBContainerMessages,null]"
  REFERENCE_INJECTION_ENGINE = "injectionEngine"
  REFERENCE_SERIALIZATION_SERVICE = "serializationService"
  REFERENCE_MDB_RUNTIME = "mdbRuntime"
  REFERENCE_JPA_CONTAINER = "jpaContainer"
  REFERENCE_JCDI_HELPER_FACTORY = "jndiHelperFactory"
  REFERENCE_EJB_ASYNC_RUNTIME = "ejbAsyncRuntime"
  REFERENCE_EJB_TIMER_RUNTIME = "ejbTimerRuntime"
  REFERENCE_EJB_PERSISTENT_TIMER_RUNTIME = "ejbPersistentTimerRuntime"
  REFERENCE_EJB_HOME_RUNTIME = "ejbHomeRuntime"
  REFERENCE_EJB_REMOTE_RUNTIME = "ejbRemoteRuntime"
  REFERENCE_EJB_MBEAN_RUNTIME = "ejbMBeanRuntime"
  REFERENCE_MANAGED_OBJECT_SERVICE = "managedObjectService"
  REFERENCE_CLASSLOADING_SERVICE = "classLoadingService"
  DEFAULT_VERSION = class org.osgi.framework.Version@cbc89ab
    major = 3
    minor = 1
    micro = 0
    qualifier = ""
    SEPARATOR = "."
    versionString = null
    hash = 0
    emptyVersion = class org.osgi.framework.Version@55d2ca83
      major = 0
      minor = 0
      micro = 0
      qualifier = ""
      SEPARATOR = "."
      versionString = "0.0.0"
      hash = 0
      emptyVersion = class org.osgi.framework.Version@55d2ca83
  REFERENCE_RUNTIME_VERSION = "ejbRuntimeVersion"
  runtimeVersion = class org.osgi.framework.Version@28e0edcd
    major = 3
    minor = 2
    micro = 0
    qualifier = ""
    SEPARATOR = "."
    versionString = null
    hash = 0
    emptyVersion = class org.osgi.framework.Version@55d2ca83
  ejbMDOrchestrator = class com.ibm.ws.ejbcontainer.osgi.internal.EJBMDOrchestratorImpl@2077d309
    tc = class com.ibm.websphere.ras.TraceComponent@7dcdae8f
      strings[0] = "TraceComponent[com.ibm.ws.ejbcontainer.osgi.internal.EJBMDOrchestratorImpl,class com.ibm.ws.ejbcontainer.osgi.internal.EJBMDOrchestratorImpl,[EJBContainer],com.ibm.ws.ejbcontainer.osgi.internal.resources.EJBContainerMessages,null]"
    tcContainer = class com.ibm.websphere.ras.TraceComponent@1f70a3f6
      strings[0] = "TraceComponent[com.ibm.ws.ejbcontainer.osgi.internal.EJBMDOrchestratorImpl,class com.ibm.ws.ejbcontainer.osgi.internal.EJBMDOrchestratorImpl,[EJBContainer],com.ibm.ejs.container.container,null]"
    managedObjectServiceRef = class com.ibm.wsspi.kernel.service.utils.AtomicServiceReference@32f6effa
    EJBLOCAL_BINDING_PREFIX = "ejblocal:"
    serialVersionUID = 5915777333184165017
    CLASS_NAME = "com.ibm.ws.metadata.ejb.EJBMDOrchestrator"
    tc = class com.ibm.websphere.ras.TraceComponent@7b73258d
      strings[0] = "TraceComponent[com.ibm.ws.metadata.ejb.EJBMDOrchestrator,class com.ibm.ws.metadata.ejb.EJBMDOrchestrator,[EJBContainer],com.ibm.ejs.container.container,null]"
    tcVerbose = class com.ibm.websphere.ras.TraceComponent@6ae5e6d5
      strings[0] = "TraceComponent[com.ibm.ws.metadata.ejb.EJBMDOrchestrator-Verbose,class com.ibm.ws.metadata.ejb.EJBMDOrchestrator,[MetaDataVerbose],com.ibm.ejs.container.container,null]"
    tcInjection = class com.ibm.websphere.ras.TraceComponent@4f0a2334
      strings[0] = "TraceComponent[com.ibm.ws.metadata.ejb.EJBMDOrchestrator-Injection,class com.ibm.ws.metadata.ejb.EJBMDOrchestrator,[Injection],com.ibm.wsspi.injectionengine.injection,null]"
    NO_PARAMS = class java.lang.Class[0]
    nameTypeFromBeanTypeMap = class java.lang.String[9]
      String[0] = null
      String[1] = "UNKNOWN"
      String[2] = "SG"
      String[3] = "SL"
      String[4] = "SF"
      String[5] = "BMP"
      String[6] = "CMP"
      String[7] = "MDB"
      String[8] = "MB"
    compressBeanTypeMap = {0,0,1,1,1,2,2,3,4} /* array length = 9 */
    Unknown_Type = 0
    Session_Type = 1
    Entity_Type = 2
    Message_Type = 3
    Managed_Type = 4
  container = class com.ibm.ejs.container.EJSContainer@63b7e2ba
  classDefiner = class com.ibm.ws.ejbcontainer.jitdeploy.ClassDefiner@baeceb6
    svFindLoadedClassMethod = class java.lang.reflect.Method@3c878f5c
      clazz = class java.lang.Class@251a69d7
      slot = 43
      name = "findLoadedClass"
      returnType = class java.lang.Class@5ffd2b27
      parameterTypes = class java.lang.Class[1]
      exceptionTypes = class java.lang.Class[0]
      modifiers = 20
      signature = "(Ljava/lang/String;)Ljava/lang/Class<*>;"
      genericInfo = null
      annotations = null
      parameterAnnotations = null
      annotationDefault = null
      methodAccessor = class sun.reflect.DelegatingMethodAccessorImpl@62e86cf5
      root = class java.lang.reflect.Method@6d43cf25
      hasRealParameterData = false
      parameters = null
      declaredAnnotations = null
      ACCESS_PERMISSION = class java.lang.reflect.ReflectPermission@17cba7a1
      override = true
      reflectionFactory = class sun.reflect.ReflectionFactory@6a36af99
      securityCheckCache = null
    svDefineClassMethod = class java.lang.reflect.Method@41aa82bf
      clazz = class java.lang.Class@251a69d7
      slot = 26
      name = "defineClass"
      returnType = class java.lang.Class@5ffd2b27
      parameterTypes = class java.lang.Class[5]
      exceptionTypes = class java.lang.Class[1]
      modifiers = 20
      signature = "(Ljava/lang/String;[BIILjava/security/ProtectionDomain;)Ljava/lang/Class<*>;"
      genericInfo = null
      annotations = null
      parameterAnnotations = null
      annotationDefault = null
      methodAccessor = class sun.reflect.DelegatingMethodAccessorImpl@4c621fac
      root = class java.lang.reflect.Method@7b9a8c4b
      hasRealParameterData = false
      parameters = null
      declaredAnnotations = null
      ACCESS_PERMISSION = class java.lang.reflect.ReflectPermission@17cba7a1
      override = true
      reflectionFactory = class sun.reflect.ReflectionFactory@6a36af99
      securityCheckCache = null
    svAllPermissionProtectionDomain = class java.security.ProtectionDomain@48fcd0f7
      codesource = null
      classloader = null
      principals = interface java.security.Principal[0]
      permissions = class java.security.Permissions@3e79bd9d
      hasAllPerm = true
      staticPermissions = true
      key = class java.security.ProtectionDomain$Key@50af36c2
      debug = null
  injectionEngineSRRef = class com.ibm.wsspi.kernel.service.utils.AtomicServiceReference@248fd48b
    referenceName = "injectionEngine"
    tuple = class java.util.concurrent.atomic.AtomicReference@6c3e75cc
      serialVersionUID = -1848883965231344442
      unsafe = class sun.misc.Unsafe@392f56ab
      valueOffset = 12
      value = class com.ibm.wsspi.kernel.service.utils.AtomicServiceReference$ReferenceTuple@6d166510
    serialVersionUID = 2226592364007985000
    $$$tc$$$ = class com.ibm.websphere.ras.TraceComponent@75e16b33
  securityCollaborator = null
  javaColonHelper = class com.ibm.ws.ejbcontainer.osgi.internal.naming.EJBJavaColonNamingHelper@3afea488
    tc = class com.ibm.websphere.ras.TraceComponent@2fbc258d
      strings[0] = "TraceComponent[com.ibm.ws.ejbcontainer.osgi.internal.naming.EJBJavaColonNamingHelper,class com.ibm.ws.ejbcontainer.osgi.internal.naming.EJBJavaColonNamingHelper,[EJBContainer],com.ibm.ws.ejbcontainer.osgi.internal.resources.EJBContainerMessages,null]"
    javaColonGlobalBindings = class com.ibm.ws.container.service.naming.JavaColonNamespaceBindings@4437f21f
      namespace = class com.ibm.ws.container.service.naming.NamingConstants$JavaColonNamespace@3cc28b5
      classNameProvider = class com.ibm.ws.ejbcontainer.osgi.internal.naming.EJBJavaColonNamingHelper@3afea488
      contextBindings = null
      contexts = null
      serialVersionUID = -4020308321774505943
      $$$tc$$$ = class com.ibm.websphere.ras.TraceComponent@460f26f2
      serialVersionUID = 362498820763181265
      DEFAULT_INITIAL_CAPACITY = 16
      MAXIMUM_CAPACITY = 1073741824
      DEFAULT_LOAD_FACTOR = 0.75
      TREEIFY_THRESHOLD = 8
      UNTREEIFY_THRESHOLD = 6
      MIN_TREEIFY_CAPACITY = 64
      table = class java.util.HashMap$Node[16]
      entrySet = null
      size = 2
      modCount = 2
      threshold = 12
      loadFactor = 0.75
      keySet = null
      values = null
    javaColonLock = class java.util.concurrent.locks.ReentrantReadWriteLock@253b6991
      serialVersionUID = -6992448646407690164
      readerLock = class java.util.concurrent.locks.ReentrantReadWriteLock$ReadLock@4c83ea82
      writerLock = class java.util.concurrent.locks.ReentrantReadWriteLock$WriteLock@ac9f5e4
      sync = class java.util.concurrent.locks.ReentrantReadWriteLock$NonfairSync@4df1a6d4
      UNSAFE = class sun.misc.Unsafe@392f56ab
      TID_OFFSET = 40
    metaDataSlotService = class com.ibm.ws.container.service.metadata.internal.MetaDataSlotServiceImpl@6d4215ef
      metaDataService = class com.ibm.ws.container.service.metadata.internal.MetaDataServiceImpl@46e413ec
      bundle = class org.eclipse.osgi.internal.framework.EquinoxBundle@1d867ce2
      slots = class java.util.ArrayList@62ff437b
      serialVersionUID = -7680974551757343059
      $$$tc$$$ = class com.ibm.websphere.ras.TraceComponent@6a07fc86
    roiFactory = class com.ibm.ws.container.service.naming.RemoteObjectInstanceFactoryImpl@716490ea
      serialVersionUID = -1593201671635326830
      $$$tc$$$ = class com.ibm.websphere.ras.TraceComponent@73538cd7
    mmdSlot = class com.ibm.ws.runtime.metadata.MetaDataSlotImpl@4f89f04a
      id = 3
      destroyed = false
      metadataIntf = class java.lang.Class@1a8ccc1e
      manager = class com.ibm.ws.container.service.metadata.internal.ModuleMetaDataManager@2cf1d295
      bundle = class org.eclipse.osgi.internal.framework.EquinoxBundle@1d867ce2
    amdSlot = class com.ibm.ws.runtime.metadata.MetaDataSlotImpl@345544ae
      id = 1
      destroyed = false
      metadataIntf = class java.lang.Class@43e06deb
      manager = class com.ibm.ws.container.service.metadata.internal.ApplicationMetaDataManager@7d163dc0
      bundle = class org.eclipse.osgi.internal.framework.EquinoxBundle@1d867ce2
    serialVersionUID = -3212269771182053752
    homeRuntime = true
    remoteRuntime = true
    tc = class com.ibm.websphere.ras.TraceComponent@3868db9a
    serialVersionUID = -3640155928955231790
  ejbLocalNamingHelper = class com.ibm.ws.ejbcontainer.osgi.internal.naming.EJBLocalNamingHelperImpl@6680235f
    tc = class com.ibm.websphere.ras.TraceComponent@7a9a9408
      strings[0] = "TraceComponent[com.ibm.ws.ejbcontainer.osgi.internal.naming.EJBLocalNamingHelperImpl,class com.ibm.ws.ejbcontainer.osgi.internal.naming.EJBLocalNamingHelperImpl,[EJBContainer],com.ibm.ws.ejbcontainer.osgi.internal.resources.EJBContainerMessages,null]"
    EJBLocalBindings = class java.util.HashMap@5fba1e9f
      serialVersionUID = 362498820763181265
      DEFAULT_INITIAL_CAPACITY = 16
      MAXIMUM_CAPACITY = 1073741824
      DEFAULT_LOAD_FACTOR = 0.75
      TREEIFY_THRESHOLD = 8
      UNTREEIFY_THRESHOLD = 6
      MIN_TREEIFY_CAPACITY = 64
      table = null
      entrySet = null
      size = 0
      modCount = 0
      threshold = 0
      loadFactor = 0.75
      keySet = null
      values = null
    javaColonLock = class java.util.concurrent.locks.ReentrantReadWriteLock@4357c38
      serialVersionUID = -6992448646407690164
      readerLock = class java.util.concurrent.locks.ReentrantReadWriteLock$ReadLock@743af58c
      writerLock = class java.util.concurrent.locks.ReentrantReadWriteLock$WriteLock@5d0ad4ef
      sync = class java.util.concurrent.locks.ReentrantReadWriteLock$NonfairSync@2e6a53e
      UNSAFE = class sun.misc.Unsafe@392f56ab
      TID_OFFSET = 40
    serialVersionUID = -1175534923715618526
    homeRuntime = true
    remoteRuntime = false
    tc = class com.ibm.websphere.ras.TraceComponent@3868db9a
      strings[0] = "TraceComponent[com.ibm.ws.ejbcontainer.osgi.internal.naming.EJBNamingInstancer,class com.ibm.ws.ejbcontainer.osgi.internal.naming.EJBNamingInstancer,[EJBContainer],com.ibm.ws.ejbcontainer.osgi.internal.resources.EJBContainerMessages,null]"
    serialVersionUID = -3640155928955231790
  localColonNamingHelper = class com.ibm.ws.ejbcontainer.osgi.internal.naming.LocalColonEJBNamingHelperImpl@1ba68a47
    tc = class com.ibm.websphere.ras.TraceComponent@2a300911
      strings[0] = "TraceComponent[com.ibm.ws.ejbcontainer.osgi.internal.naming.LocalColonEJBNamingHelperImpl,class com.ibm.ws.ejbcontainer.osgi.internal.naming.LocalColonEJBNamingHelperImpl,[EJBContainer],com.ibm.ws.ejbcontainer.osgi.internal.resources.EJBContainerMessages,null]"
    localColonEJBBindings = class java.util.HashMap@5606fae2
      serialVersionUID = 362498820763181265
      DEFAULT_INITIAL_CAPACITY = 16
      MAXIMUM_CAPACITY = 1073741824
      DEFAULT_LOAD_FACTOR = 0.75
      TREEIFY_THRESHOLD = 8
      UNTREEIFY_THRESHOLD = 6
      MIN_TREEIFY_CAPACITY = 64
      table = null
      entrySet = null
      size = 0
      modCount = 0
      threshold = 0
      loadFactor = 0.75
      keySet = null
      values = null
    javaColonLock = class java.util.concurrent.locks.ReentrantReadWriteLock@644fb189
      serialVersionUID = -6992448646407690164
      readerLock = class java.util.concurrent.locks.ReentrantReadWriteLock$ReadLock@5c96f234
      writerLock = class java.util.concurrent.locks.ReentrantReadWriteLock$WriteLock@13007c64
      sync = class java.util.concurrent.locks.ReentrantReadWriteLock$NonfairSync@6f10be26
      UNSAFE = class sun.misc.Unsafe@392f56ab
      TID_OFFSET = 40
    serialVersionUID = -4780118417520358489
    homeRuntime = true
    remoteRuntime = false
    tc = class com.ibm.websphere.ras.TraceComponent@3868db9a
    serialVersionUID = -3640155928955231790
  scheduledExecutorService = class com.ibm.ws.threading.internal.ScheduledExecutorImpl@41d73e34
    threadGroupName = "Scheduled Executor Thread Group"
    executor = class com.ibm.ws.threading.internal.ExecutorServiceImpl@2450a3ea
      threadPool = class java.util.concurrent.ThreadPoolExecutor@5fb64cbb
      threadPoolController = class com.ibm.ws.threading.internal.ThreadPoolController@3f963226
      poolName = "Default Executor"
      MINIMUM_POOL_SIZE = 4
      componentConfig = class org.apache.felix.scr.impl.helper.ReadOnlyDictionary@40a687b9
      interceptorsActive = false
      interceptors = class java.util.concurrent.CopyOnWriteArraySet@11e1b90e
      threadFactory = null
      serverStopping = false
      phaser = class java.util.concurrent.Phaser@7cdfec1d
      serialVersionUID = 6930666794455919448
      $$$tc$$$ = class com.ibm.websphere.ras.TraceComponent@4b5ed74f
    serialVersionUID = -9110693807503469597
    $$$tc$$$ = class com.ibm.websphere.ras.TraceComponent@11fdb9af
      strings[0] = "TraceComponent[com.ibm.ws.threading.internal.ScheduledExecutorImpl,class com.ibm.ws.threading.internal.ScheduledExecutorImpl,[Threading],com.ibm.ws.threading.internal.resources.ThreadingMessages,null]"
    continueExistingPeriodicTasksAfterShutdown = false
    executeExistingDelayedTasksAfterShutdown = true
    removeOnCancel = false
    sequencer = class java.util.concurrent.atomic.AtomicLong@15ca30c3
      serialVersionUID = 1927816293512124184
      unsafe = class sun.misc.Unsafe@392f56ab
      valueOffset = 16
      VM_SUPPORTS_LONG_CAS = true
      value = 268
      serialVersionUID = -8742448824652078965
    ctl = class java.util.concurrent.atomic.AtomicInteger@5509521
      serialVersionUID = 6214790243416807050
      unsafe = class sun.misc.Unsafe@392f56ab
      valueOffset = 12
      value = -536870911
      serialVersionUID = -8742448824652078965
    COUNT_BITS = 29
    CAPACITY = 536870911
    RUNNING = -536870912
    SHUTDOWN = 0
    STOP = 536870912
    TIDYING = 1073741824
    TERMINATED = 1610612736
    workQueue = class java.util.concurrent.ScheduledThreadPoolExecutor$DelayedWorkQueue@6460be83
      INITIAL_CAPACITY = 16
      queue = interface java.util.concurrent.RunnableScheduledFuture[16]
      lock = class java.util.concurrent.locks.ReentrantLock@d5ca8f4
      size = 13
      leader = class java.lang.Thread@7e95749d
      available = class java.util.concurrent.locks.AbstractQueuedSynchronizer$ConditionObject@1e4cc337
      MAX_ARRAY_SIZE = 2147483639
    mainLock = class java.util.concurrent.locks.ReentrantLock@7dba887f
      serialVersionUID = 7373984872572414699
      sync = class java.util.concurrent.locks.ReentrantLock$NonfairSync@19b06456
    workers = class java.util.HashSet@5cd43bd1
      serialVersionUID = -5024744406713321676
      map = class java.util.HashMap@2d5d1b45
      PRESENT = class java.lang.Object@3c18af0c
      MAX_ARRAY_SIZE = 2147483639
    termination = class java.util.concurrent.locks.AbstractQueuedSynchronizer$ConditionObject@5d2c54f7
      serialVersionUID = 1173984872572414699
      firstWaiter = null
      lastWaiter = null
      REINTERRUPT = 1
      THROW_IE = -1
      this$0 = class java.util.concurrent.locks.ReentrantLock$NonfairSync@19b06456
    largestPoolSize = 1
    completedTaskCount = 0
    threadFactory = class com.ibm.ws.threading.internal.ThreadFactoryImpl@3cd96d77
      tc = class com.ibm.websphere.ras.TraceComponent@75c83cab
      TRACE_ENABLED_AT_STARTUP = false
      createdThreadCount = class java.util.concurrent.atomic.AtomicInteger@345f180b
      executorName = "Scheduled Executor"
      threadGroup = class java.lang.ThreadGroup@2ca36160
      contextClassLoader = class org.eclipse.osgi.internal.framework.ContextFinder@61e418e6
      serialVersionUID = -3600085245630848128
    handler = class java.util.concurrent.ThreadPoolExecutor$AbortPolicy@22b80a62
    keepAliveTime = 0
    allowCoreThreadTimeOut = false
    corePoolSize = 1
    maximumPoolSize = 2147483647
    defaultHandler = class java.util.concurrent.ThreadPoolExecutor$AbortPolicy@22b80a62
    shutdownPerm = class java.lang.RuntimePermission@7e9ce5f3
      serialVersionUID = 7399184964622342223
      serialVersionUID = 6279438298436773498
      wildcard = false
      path = "modifyThread"
      exitVM = false
      serialVersionUID = -5636570222231596674
      name = "modifyThread"
    acc = null
    ONLY_ONE = true
    $assertionsDisabled = true
  deferrableScheduledExecutorService = class com.ibm.ws.threading.internal.DeferrableScheduledExecutorImpl@e421862
    PERIOD_MILLISECONDS = 15000
    executor = class com.ibm.ws.threading.internal.ScheduledExecutorImpl@41d73e34
    serialVersionUID = 117550544710569826
    $$$tc$$$ = class com.ibm.websphere.ras.TraceComponent@2daa527f
      strings[0] = "TraceComponent[com.ibm.ws.threading.internal.DeferrableScheduledExecutorImpl,class com.ibm.ws.threading.internal.DeferrableScheduledExecutorImpl,[Threading],com.ibm.ws.threading.internal.resources.ThreadingMessages,null]"
  j2eeNameFactory = class com.ibm.ws.container.service.metadata.internal.J2EENameFactoryImpl@69bf482e
    serialVersionUID = 3486344295038028821
    $$$tc$$$ = class com.ibm.websphere.ras.TraceComponent@402c71ba
      strings[0] = "TraceComponent[com.ibm.ws.container.service.metadata.internal.J2EENameFactoryImpl,class com.ibm.ws.container.service.metadata.internal.J2EENameFactoryImpl,[Runtime],null,null]"
  metaDataService = class com.ibm.ws.container.service.metadata.internal.MetaDataServiceImpl@46e413ec
    applicationMetaDataManager = class com.ibm.ws.container.service.metadata.internal.ApplicationMetaDataManager@7d163dc0
    moduleMetaDataManager = class com.ibm.ws.container.service.metadata.internal.ModuleMetaDataManager@2cf1d295
      serialVersionUID = 2513574389899327209
      $$$tc$$$ = class com.ibm.websphere.ras.TraceComponent@42c2728b
      listeners = class com.ibm.wsspi.kernel.service.utils.ConcurrentServiceReferenceSet@334b82bf
      metaDataIDs = class com.ibm.ws.container.service.metadata.internal.IndexList@11c12b89
      metaDatas = class java.util.ArrayList@6ac1f201
      slotIDs = class com.ibm.ws.container.service.metadata.internal.IndexList@4224cc21
      serialVersionUID = 5464421863354792977
      $$$tc$$$ = class com.ibm.websphere.ras.TraceComponent@652f8025
    componentMetaDataManager = class com.ibm.ws.container.service.metadata.internal.ComponentMetaDataManager@604502f6
      serialVersionUID = 8629793739641703882
      $$$tc$$$ = class com.ibm.websphere.ras.TraceComponent@569b9c1e
      listeners = class com.ibm.wsspi.kernel.service.utils.ConcurrentServiceReferenceSet@7517b30c
      metaDataIDs = class com.ibm.ws.container.service.metadata.internal.IndexList@111adf5
      metaDatas = class java.util.ArrayList@30e52615
      slotIDs = class com.ibm.ws.container.service.metadata.internal.IndexList@6b13b506
      serialVersionUID = 5464421863354792977
      $$$tc$$$ = class com.ibm.websphere.ras.TraceComponent@652f8025
    methodMetaDataManager = class com.ibm.ws.container.service.metadata.internal.MethodMetaDataManager@66d7c6ee
      serialVersionUID = -8002489041502300640
      $$$tc$$$ = class com.ibm.websphere.ras.TraceComponent@70432890
      listeners = class com.ibm.wsspi.kernel.service.utils.ConcurrentServiceReferenceSet@22d9e60d
      metaDataIDs = class com.ibm.ws.container.service.metadata.internal.IndexList@790599d0
      metaDatas = class java.util.ArrayList@40dc2a7a
      slotIDs = class com.ibm.ws.container.service.metadata.internal.IndexList@4397963e
      serialVersionUID = 5464421863354792977
      $$$tc$$$ = class com.ibm.websphere.ras.TraceComponent@652f8025
    appModuleNameToModuleContainer = class java.util.concurrent.ConcurrentHashMap@79584fed
      serialVersionUID = 7249069246763182397
      MAXIMUM_CAPACITY = 1073741824
      DEFAULT_CAPACITY = 16
      MAX_ARRAY_SIZE = 2147483639
      DEFAULT_CONCURRENCY_LEVEL = 16
      LOAD_FACTOR = 0.75
      TREEIFY_THRESHOLD = 8
      UNTREEIFY_THRESHOLD = 6
      MIN_TREEIFY_CAPACITY = 64
      MIN_TRANSFER_STRIDE = 16
      RESIZE_STAMP_BITS = 16
      MAX_RESIZERS = 65535
      RESIZE_STAMP_SHIFT = 16
      MOVED = -1
      TREEBIN = -2
      RESERVED = -3
      HASH_BITS = 2147483647
      NCPU = 4
      serialPersistentFields = class java.io.ObjectStreamField[3]
      table = class java.util.concurrent.ConcurrentHashMap$Node[16]
      nextTable = null
      baseCount = 1
      sizeCtl = 12
      transferIndex = 0
      cellsBusy = 0
      counterCells = null
      keySet = null
      values = null
      entrySet = null
      U = class sun.misc.Unsafe@392f56ab
      SIZECTL = 20
      TRANSFERINDEX = 32
      BASECOUNT = 24
      CELLSBUSY = 36
      CELLVALUE = 144
      ABASE = 16
      ASHIFT = 2
      keySet = null
      values = null
    jeeNameToComponentMetaData = class java.util.concurrent.ConcurrentHashMap@5b1f5f29
      serialVersionUID = 7249069246763182397
      MAXIMUM_CAPACITY = 1073741824
      DEFAULT_CAPACITY = 16
      MAX_ARRAY_SIZE = 2147483639
      DEFAULT_CONCURRENCY_LEVEL = 16
      LOAD_FACTOR = 0.75
      TREEIFY_THRESHOLD = 8
      UNTREEIFY_THRESHOLD = 6
      MIN_TREEIFY_CAPACITY = 64
      MIN_TRANSFER_STRIDE = 16
      RESIZE_STAMP_BITS = 16
      MAX_RESIZERS = 65535
      RESIZE_STAMP_SHIFT = 16
      MOVED = -1
      TREEBIN = -2
      RESERVED = -3
      HASH_BITS = 2147483647
      NCPU = 4
      serialPersistentFields = class java.io.ObjectStreamField[3]
      table = class java.util.concurrent.ConcurrentHashMap$Node[16]
      nextTable = null
      baseCount = 2
      sizeCtl = 12
      transferIndex = 0
      cellsBusy = 0
      counterCells = null
      keySet = null
      values = null
      entrySet = null
      U = class sun.misc.Unsafe@392f56ab
      SIZECTL = 20
      TRANSFERINDEX = 32
      BASECOUNT = 24
      CELLSBUSY = 36
      CELLVALUE = 144
      ABASE = 16
      ASHIFT = 2
      keySet = null
      values = null
    deferredMetaDataFactories = class com.ibm.wsspi.kernel.service.utils.ConcurrentServiceReferenceSet@1385b40e
      referenceName = "deferredMetaDataFactory"
      contextRef = class java.util.concurrent.atomic.AtomicReference@1c47f6dc
      elementMap = class java.util.LinkedHashMap@62f53d2c
      elementSet = class java.util.concurrent.ConcurrentSkipListSet@92aa674
      elementSetUnsorted = false
      serialVersionUID = 756240983881166148
      $$$tc$$$ = class com.ibm.websphere.ras.TraceComponent@63965061
    deferredMetaDataInitializers = class com.ibm.wsspi.kernel.service.utils.ConcurrentServiceReferenceMap@4bbdf026
      referenceName = "deferredMetaDataFactory"
      context = class org.apache.felix.scr.impl.manager.ComponentContextImpl@2e927eb4
      elementMap = class java.util.concurrent.ConcurrentHashMap@650b6fa8
      serialVersionUID = 6980924785166233786
      $$$tc$$$ = class com.ibm.websphere.ras.TraceComponent@281c7180
    serialVersionUID = -2494605732980966097
    $$$tc$$$ = class com.ibm.websphere.ras.TraceComponent@7e2851c6
      strings[0] = "TraceComponent[com.ibm.ws.container.service.metadata.internal.MetaDataServiceImpl,class com.ibm.ws.container.service.metadata.internal.MetaDataServiceImpl,[Runtime],null,null]"
  classLoadingService = class com.ibm.ws.classloading.internal.ClassLoadingServiceImpl@3ebaa39a
    tc = class com.ibm.websphere.ras.TraceComponent@2ff01581
      strings[0] = "TraceComponent[com.ibm.ws.classloading.internal.ClassLoadingServiceImpl,class com.ibm.ws.classloading.internal.ClassLoadingServiceImpl,[ClassLoadingService],com.ibm.ws.classloading.internal.resources.ClassLoadingServiceMessages,null]"
    leakDetectionMap = class java.util.HashMap@1cfc1511
      serialVersionUID = 362498820763181265
      DEFAULT_INITIAL_CAPACITY = 16
      MAXIMUM_CAPACITY = 1073741824
      DEFAULT_LOAD_FACTOR = 0.75
      TREEIFY_THRESHOLD = 8
      UNTREEIFY_THRESHOLD = 6
      MIN_TREEIFY_CAPACITY = 64
      table = null
      entrySet = null
      size = 0
      modCount = 0
      threshold = 0
      loadFactor = 0.75
      keySet = null
      values = null
    appClassLoaders = class java.util.Collections$SetFromMap@54eac543
      m = class java.util.WeakHashMap@4f111dd4
      s = class java.util.WeakHashMap$KeySet@72cbad5c
      serialVersionUID = 2454657854757543876
      MAX_ARRAY_SIZE = 2147483639
    TCCL_LOCK_WAIT = 15000
    REFERENCE_GENERATORS = "generators"
    bundleContext = class org.eclipse.osgi.internal.framework.BundleContextImpl@74975bd
      findHookName = "org.osgi.framework.hooks.bundle.FindHook"
      valid = true
      bundle = class org.eclipse.osgi.internal.framework.EquinoxBundle@5c592619
      container = class org.eclipse.osgi.internal.framework.EquinoxContainer@512c4d55
      debug = class org.eclipse.osgi.internal.debug.Debug@6ddb6470
      servicesInUse = class java.util.HashMap@5cfa3889
      activator = null
      contextLock = class java.lang.Object@4d401902
    aclStore = class com.ibm.ws.classloading.internal.util.CanonicalStore@5bab77a7
      map = class java.util.concurrent.ConcurrentHashMap@fba1129
      q = class com.ibm.ws.classloading.internal.util.RefQueue@75c35af
      serialVersionUID = 6715157558227169968
      $$$tc$$$ = class com.ibm.websphere.ras.TraceComponent@39c2f855
    tcclStore = class com.ibm.ws.classloading.internal.util.CanonicalStore@74500456
      map = class java.util.concurrent.ConcurrentHashMap@70cb4948
      q = class com.ibm.ws.classloading.internal.util.RefQueue@9b7f3a4
      serialVersionUID = 6715157558227169968
      $$$tc$$$ = class com.ibm.websphere.ras.TraceComponent@39c2f855
    tcclStoreLock = class java.util.concurrent.locks.ReentrantLock@878d350
      serialVersionUID = 7373984872572414699
      sync = class java.util.concurrent.locks.ReentrantLock$NonfairSync@7058ef61
    digraph = class org.eclipse.equinox.internal.region.StandardRegionDigraph@a3adfc1
      EMPTY_EDGE_SET = class java.util.Collections$UnmodifiableSet@bc490af
      monitor = class java.lang.Object@468100dc
      regions = class java.util.HashMap@26051a15
      bundleIdToRegionMapping = class org.eclipse.equinox.internal.region.StandardBundleIdToRegionMapping@1e3e9353
      edges = class java.util.HashMap@31d039d3
      bundleContext = class org.eclipse.osgi.internal.framework.BundleContextImpl@4fcd19b3
      threadLocal = class java.lang.ThreadLocal@7f1948d5
      subgraphTraverser = class org.eclipse.equinox.internal.region.SubgraphTraverser@71423091
      bundleCollisionHook = class org.eclipse.equinox.internal.region.hook.RegionBundleCollisionHook@1b0c91e1
      bundleEventHook = class org.eclipse.equinox.internal.region.hook.RegionBundleEventHook@2b223df2
      bundleFindHook = class org.eclipse.equinox.internal.region.hook.RegionBundleFindHook@1e4897a3
      serviceEventHook = class org.eclipse.equinox.internal.region.hook.RegionServiceEventHook@7eeefa43
      serviceFindHook = class org.eclipse.equinox.internal.region.hook.RegionServiceFindHook@192ffe6
      resolverHookFactory = class org.eclipse.equinox.internal.region.hook.RegionResolverHookFactory@3be59f8b
      origin = null
      originUpdateCount = -1
      updateCount = class java.util.concurrent.atomic.AtomicLong@61caf2db
      defaultRegion = null
    redefiner = class com.ibm.ws.classloading.internal.util.ClassRedefiner@aac876e
      tc = class com.ibm.websphere.ras.TraceComponent@23cda1e0
      LS = "
"
      inst = class com.sun.proxy.$Proxy0@6392c1e
      serialVersionUID = 2420101865139508526
    listener = class com.ibm.ws.classloading.internal.ClassLoadingServiceImpl$1@7eaa50d9
      this$0 = class com.ibm.ws.classloading.internal.ClassLoadingServiceImpl@3ebaa39a
      serialVersionUID = -9159707349812113172
      $$$tc$$$ = class com.ibm.websphere.ras.TraceComponent@4682774d
    classloaders = class java.util.Collections$SynchronizedMap@3006fe0f
      serialVersionUID = 1978198479659022715
      m = class java.util.HashMap@61d14a4
      mutex = class java.util.Collections$SynchronizedMap@3006fe0f
      keySet = null
      entrySet = null
      values = null
    resourceProviders = class com.ibm.ws.classloading.internal.CompositeResourceProvider@6c1efb19
      lockFactory = class java.util.concurrent.locks.ReentrantReadWriteLock@5b7076cc
      providerMap = class com.ibm.ws.classloading.internal.util.MultiMap@715be5e3
      serialVersionUID = -5576435894946156347
      $$$tc$$$ = class com.ibm.websphere.ras.TraceComponent@272a52e9
    rememberedBundles = class java.util.concurrent.ConcurrentHashMap@2679603
      serialVersionUID = 7249069246763182397
      MAXIMUM_CAPACITY = 1073741824
      DEFAULT_CAPACITY = 16
      MAX_ARRAY_SIZE = 2147483639
      DEFAULT_CONCURRENCY_LEVEL = 16
      LOAD_FACTOR = 0.75
      TREEIFY_THRESHOLD = 8
      UNTREEIFY_THRESHOLD = 6
      MIN_TREEIFY_CAPACITY = 64
      MIN_TRANSFER_STRIDE = 16
      RESIZE_STAMP_BITS = 16
      MAX_RESIZERS = 65535
      RESIZE_STAMP_SHIFT = 16
      MOVED = -1
      TREEBIN = -2
      RESERVED = -3
      HASH_BITS = 2147483647
      NCPU = 4
      serialPersistentFields = class java.io.ObjectStreamField[3]
      table = class java.util.concurrent.ConcurrentHashMap$Node[16]
      nextTable = null
      baseCount = 2
      sizeCtl = 12
      transferIndex = 0
      cellsBusy = 0
      counterCells = null
      keySet = null
      values = null
      entrySet = null
      U = class sun.misc.Unsafe@392f56ab
      SIZECTL = 20
      TRANSFERINDEX = 32
      BASECOUNT = 24
      CELLSBUSY = 36
      CELLVALUE = 144
      ABASE = 16
      ASHIFT = 2
      keySet = null
      values = null
    collectedBundles = class java.lang.ref.ReferenceQueue@2ee7320e
      NULL = class java.lang.ref.ReferenceQueue$Null@4dc439c1
      ENQUEUED = class java.lang.ref.ReferenceQueue$Null@18a08d78
      lock = class java.lang.ref.ReferenceQueue$Lock@600db020
      head = null
      queueLength = 0
      $assertionsDisabled = true
    generatorRefs = class com.ibm.wsspi.kernel.service.utils.ConcurrentServiceReferenceSet@2996475b
      referenceName = "generators"
      contextRef = class java.util.concurrent.atomic.AtomicReference@1ef4be83
      elementMap = class java.util.LinkedHashMap@e870265
      elementSet = class java.util.concurrent.ConcurrentSkipListSet@648c7c1d
      elementSetUnsorted = false
      serialVersionUID = 756240983881166148
      $$$tc$$$ = class com.ibm.websphere.ras.TraceComponent@63965061
    generatorManager = class com.ibm.ws.classloading.internal.ClassGeneratorManager@32cba743
      tc = class com.ibm.websphere.ras.TraceComponent@6108d771
      generatorRefs = class com.ibm.wsspi.kernel.service.utils.ConcurrentServiceReferenceSet@2996475b
      serialVersionUID = 4152663586056483310
    appExtLibs = class java.util.concurrent.CopyOnWriteArrayList@ca2f897
      serialVersionUID = 8673264195747942595
      lock = class java.util.concurrent.locks.ReentrantLock@497071c2
      array = class java.lang.Object[0]
      UNSAFE = class sun.misc.Unsafe@392f56ab
      lockOffset = 12
    globalConfig = class com.ibm.ws.classloading.configuration.GlobalClassloadingConfiguration@1bc2dc4f
      properties = class org.apache.felix.scr.impl.helper.ReadOnlyDictionary@5fa58c1b
      serialVersionUID = 452562347104713756
      $$$tc$$$ = class com.ibm.websphere.ras.TraceComponent@55a9a83a
    metaInfServicesProviders = class java.util.concurrent.ConcurrentHashMap@75fcf3
      serialVersionUID = 7249069246763182397
      MAXIMUM_CAPACITY = 1073741824
      DEFAULT_CAPACITY = 16
      MAX_ARRAY_SIZE = 2147483639
      DEFAULT_CONCURRENCY_LEVEL = 16
      LOAD_FACTOR = 0.75
      TREEIFY_THRESHOLD = 8
      UNTREEIFY_THRESHOLD = 6
      MIN_TREEIFY_CAPACITY = 64
      MIN_TRANSFER_STRIDE = 16
      RESIZE_STAMP_BITS = 16
      MAX_RESIZERS = 65535
      RESIZE_STAMP_SHIFT = 16
      MOVED = -1
      TREEBIN = -2
      RESERVED = -3
      HASH_BITS = 2147483647
      NCPU = 4
      serialPersistentFields = class java.io.ObjectStreamField[3]
      table = null
      nextTable = null
      baseCount = 0
      sizeCtl = 0
      transferIndex = 0
      cellsBusy = 0
      counterCells = null
      keySet = null
      values = null
      entrySet = null
      U = class sun.misc.Unsafe@392f56ab
      SIZECTL = 20
      TRANSFERINDEX = 32
      BASECOUNT = 24
      CELLSBUSY = 36
      CELLVALUE = 144
      ABASE = 16
      ASHIFT = 2
      keySet = null
      values = null
    metaInfServicesRefs = class com.ibm.wsspi.kernel.service.utils.ConcurrentServiceReferenceMap@6feba201
      referenceName = "MetaInfServicesProvider"
      context = class org.apache.felix.scr.impl.manager.ComponentContextImpl@7cd2094c
      elementMap = class java.util.concurrent.ConcurrentHashMap@10342d26
      serialVersionUID = 6980924785166233786
      $$$tc$$$ = class com.ibm.websphere.ras.TraceComponent@281c7180
    protectionDomainMap = null
    metadataIdentifierService = class com.ibm.ws.container.service.metadata.internal.MetaDataServiceImpl@46e413ec
    globalSharedLibrary = class java.util.concurrent.atomic.AtomicReference@7416992b
      serialVersionUID = -1848883965231344442
      unsafe = class sun.misc.Unsafe@392f56ab
      valueOffset = 12
      value = null
    serialVersionUID = 4365026902615131286
  appSlot = class com.ibm.ws.runtime.metadata.MetaDataSlotImpl@20a52d27
    id = 2
    destroyed = false
    metadataIntf = class java.lang.Class@43e06deb
      ANNOTATION = 8192
      ENUM = 16384
      SYNTHETIC = 4096
      cachedConstructor = null
      newInstanceCallerCache = null
      name = null
      allPermDomain = class java.security.ProtectionDomain@41f49636
      useCaches = true
      reflectionData = null
      classRedefinedCount = 0
      genericInfo = null
      serialVersionUID = 3206093459760846163
      serialPersistentFields = class java.io.ObjectStreamField[0]
      reflectionFactory = class sun.reflect.ReflectionFactory@6a36af99
      initted = true
      enumConstants = null
      enumConstantDirectory = null
      annotationData = null
      annotationType = null
      classValueMap = null
    manager = class com.ibm.ws.container.service.metadata.internal.ApplicationMetaDataManager@7d163dc0
      serialVersionUID = 1843747281024490904
      $$$tc$$$ = class com.ibm.websphere.ras.TraceComponent@3d463025
      listeners = class com.ibm.wsspi.kernel.service.utils.ConcurrentServiceReferenceSet@6db7abeb
      metaDataIDs = class com.ibm.ws.container.service.metadata.internal.IndexList@5b950812
      metaDatas = class java.util.ArrayList@5cfefbe9
      slotIDs = class com.ibm.ws.container.service.metadata.internal.IndexList@6afcbb06
      serialVersionUID = 5464421863354792977
      $$$tc$$$ = class com.ibm.websphere.ras.TraceComponent@652f8025
    bundle = class org.eclipse.osgi.internal.framework.EquinoxBundle@1d867ce2
      equinoxContainer = class org.eclipse.osgi.internal.framework.EquinoxContainer@512c4d55
      module = class org.eclipse.osgi.internal.framework.EquinoxBundle$EquinoxModule@1496d7c8
      monitor = class java.lang.Object@6ffa090
      context = class org.eclipse.osgi.internal.framework.BundleContextImpl@7af76491
      signerInfos = null
      $SWITCH_TABLE$org$eclipse$osgi$container$Module$State = {1,2,3,4,5,6,7} /* array length = 7 */
  userTransaction = class com.ibm.ws.transaction.services.UserTransactionService@3348ff25
    ut = class com.ibm.tx.jta.embeddable.impl.EmbeddableUserTransactionImpl@6066ced6
      tc = class com.ibm.ejs.ras.TraceComponent@5bcbbb63
      _instance = class com.ibm.tx.jta.embeddable.impl.EmbeddableUserTransactionImpl@6066ced6
      isEnabled = class com.ibm.tx.jta.embeddable.impl.EmbeddableUserTransactionImpl$1@7470b2fb
      tc = class com.ibm.ws.tx.util.logging.WASTraceComponent@fbcbd3b
      _callbackManager = class com.ibm.ws.uow.UOWScopeCallbackManager@4da72ab9
      _tm = null
      _instance = class com.ibm.tx.jta.impl.UserTransactionImpl@3c31be9c
    serialVersionUID = -1625627843543890907
    $$$tc$$$ = class com.ibm.websphere.ras.TraceComponent@4fb546b
      strings[0] = "TraceComponent[com.ibm.ws.transaction.services.UserTransactionService,class com.ibm.ws.transaction.services.UserTransactionService,[transaction],com.ibm.ws.transaction.services.TransactionMessages,null]"
  resourceRefConfigFactory = class com.ibm.ws.resource.internal.ResourceRefConfigFactoryImpl@5555e1d3
    serialVersionUID = -2177844205625513625
    $$$tc$$$ = class com.ibm.websphere.ras.TraceComponent@466f0632
      strings[0] = "TraceComponent[com.ibm.ws.resource.internal.ResourceRefConfigFactoryImpl,class com.ibm.ws.resource.internal.ResourceRefConfigFactoryImpl,[resource],com.ibm.ws.resource.internal.resources.Runtime,null]"
  runtimeVersionRef = class com.ibm.wsspi.kernel.service.utils.AtomicServiceReference@3e182e90
    referenceName = "ejbRuntimeVersion"
    tuple = class java.util.concurrent.atomic.AtomicReference@7021f99b
      serialVersionUID = -1848883965231344442
      unsafe = class sun.misc.Unsafe@392f56ab
      valueOffset = 12
      value = class com.ibm.wsspi.kernel.service.utils.AtomicServiceReference$ReferenceTuple@4027fd10
    serialVersionUID = 2226592364007985000
    $$$tc$$$ = class com.ibm.websphere.ras.TraceComponent@75e16b33
  serializationServiceRef = class com.ibm.wsspi.kernel.service.utils.AtomicServiceReference@375df061
    referenceName = "serializationService"
    tuple = class java.util.concurrent.atomic.AtomicReference@4a5cc454
      serialVersionUID = -1848883965231344442
      unsafe = class sun.misc.Unsafe@392f56ab
      valueOffset = 12
      value = class com.ibm.wsspi.kernel.service.utils.AtomicServiceReference$ReferenceTuple@280a4eb3
    serialVersionUID = 2226592364007985000
    $$$tc$$$ = class com.ibm.websphere.ras.TraceComponent@75e16b33
  mdbRuntimeServiceRef = class com.ibm.wsspi.kernel.service.utils.AtomicServiceReference@43188078
    referenceName = "mdbRuntime"
    tuple = class java.util.concurrent.atomic.AtomicReference@79bb1342
      serialVersionUID = -1848883965231344442
      unsafe = class sun.misc.Unsafe@392f56ab
      valueOffset = 12
      value = class com.ibm.wsspi.kernel.service.utils.AtomicServiceReference$ReferenceTuple@58170e6f
    serialVersionUID = 2226592364007985000
    $$$tc$$$ = class com.ibm.websphere.ras.TraceComponent@75e16b33
  jpaContainerServiceRef = class com.ibm.wsspi.kernel.service.utils.AtomicServiceReference@3939aab1
    referenceName = "jpaContainer"
    tuple = class java.util.concurrent.atomic.AtomicReference@516616a1
      serialVersionUID = -1848883965231344442
      unsafe = class sun.misc.Unsafe@392f56ab
      valueOffset = 12
      value = class com.ibm.wsspi.kernel.service.utils.AtomicServiceReference$ReferenceTuple@7518f546
    serialVersionUID = 2226592364007985000
    $$$tc$$$ = class com.ibm.websphere.ras.TraceComponent@75e16b33
  jcdiHelperFactoryServiceRef = class com.ibm.wsspi.kernel.service.utils.AtomicServiceReference@46aa6fa8
    referenceName = "jndiHelperFactory"
    tuple = class java.util.concurrent.atomic.AtomicReference@17722cdc
      serialVersionUID = -1848883965231344442
      unsafe = class sun.misc.Unsafe@392f56ab
      valueOffset = 12
      value = class com.ibm.wsspi.kernel.service.utils.AtomicServiceReference$ReferenceTuple@31fb725c
    serialVersionUID = 2226592364007985000
    $$$tc$$$ = class com.ibm.websphere.ras.TraceComponent@75e16b33
      strings[0] = "TraceComponent[com.ibm.wsspi.kernel.service.utils.AtomicServiceReference,class com.ibm.wsspi.kernel.service.utils.AtomicServiceReference,[kernelUtils],com.ibm.ws.kernel.service.utils.resources.ServiceMessages,null]"
  ejbAsyncRuntimeServiceRef = class com.ibm.wsspi.kernel.service.utils.AtomicServiceReference@1e2c51e4
    referenceName = "ejbAsyncRuntime"
    tuple = class java.util.concurrent.atomic.AtomicReference@6ffdfd47
      serialVersionUID = -1848883965231344442
      unsafe = class sun.misc.Unsafe@392f56ab
      valueOffset = 12
      value = class com.ibm.wsspi.kernel.service.utils.AtomicServiceReference$ReferenceTuple@4452a893
    serialVersionUID = 2226592364007985000
    $$$tc$$$ = class com.ibm.websphere.ras.TraceComponent@75e16b33
  ejbTimerRuntimeServiceRef = class com.ibm.wsspi.kernel.service.utils.AtomicServiceReference@19b01919
    referenceName = "ejbTimerRuntime"
    tuple = class java.util.concurrent.atomic.AtomicReference@7ac33676
      serialVersionUID = -1848883965231344442
      unsafe = class sun.misc.Unsafe@392f56ab
      valueOffset = 12
      value = class com.ibm.wsspi.kernel.service.utils.AtomicServiceReference$ReferenceTuple@366ac55e
    serialVersionUID = 2226592364007985000
    $$$tc$$$ = class com.ibm.websphere.ras.TraceComponent@75e16b33
  ejbPersistentTimerRuntimeServiceRef = class com.ibm.wsspi.kernel.service.utils.AtomicServiceReference@6d2854bc
    referenceName = "ejbPersistentTimerRuntime"
    tuple = class java.util.concurrent.atomic.AtomicReference@3477d988
      serialVersionUID = -1848883965231344442
      unsafe = class sun.misc.Unsafe@392f56ab
      valueOffset = 12
      value = class com.ibm.wsspi.kernel.service.utils.AtomicServiceReference$ReferenceTuple@687f2043
    serialVersionUID = 2226592364007985000
    $$$tc$$$ = class com.ibm.websphere.ras.TraceComponent@75e16b33
  ejbHomeRuntimeServiceRef = class com.ibm.wsspi.kernel.service.utils.AtomicServiceReference@786ab19e
    referenceName = "ejbHomeRuntime"
    tuple = class java.util.concurrent.atomic.AtomicReference@4bfeb5b1
      serialVersionUID = -1848883965231344442
      unsafe = class sun.misc.Unsafe@392f56ab
      valueOffset = 12
      value = class com.ibm.wsspi.kernel.service.utils.AtomicServiceReference$ReferenceTuple@25fa1f29
    serialVersionUID = 2226592364007985000
    $$$tc$$$ = class com.ibm.websphere.ras.TraceComponent@75e16b33
  ejbRemoteRuntimeServiceRef = class com.ibm.wsspi.kernel.service.utils.AtomicServiceReference@4356c06
    referenceName = "ejbRemoteRuntime"
    tuple = class java.util.concurrent.atomic.AtomicReference@213eb6ba
      serialVersionUID = -1848883965231344442
      unsafe = class sun.misc.Unsafe@392f56ab
      valueOffset = 12
      value = class com.ibm.wsspi.kernel.service.utils.AtomicServiceReference$ReferenceTuple@1efe47c
    serialVersionUID = 2226592364007985000
    $$$tc$$$ = class com.ibm.websphere.ras.TraceComponent@75e16b33
  ejbMBeanRuntimeServiceRef = class com.ibm.wsspi.kernel.service.utils.AtomicServiceReference@1dd4d548
    referenceName = "ejbMBeanRuntime"
    tuple = class java.util.concurrent.atomic.AtomicReference@26fdedb
      serialVersionUID = -1848883965231344442
      unsafe = class sun.misc.Unsafe@392f56ab
      valueOffset = 12
      value = class com.ibm.wsspi.kernel.service.utils.AtomicServiceReference$ReferenceTuple@2354e4bb
    serialVersionUID = 2226592364007985000
    $$$tc$$$ = class com.ibm.websphere.ras.TraceComponent@75e16b33
  managedObjectServiceRef = class com.ibm.wsspi.kernel.service.utils.AtomicServiceReference@32f6effa
    referenceName = "managedObjectService"
    tuple = class java.util.concurrent.atomic.AtomicReference@4b651c5e
      serialVersionUID = -1848883965231344442
      unsafe = class sun.misc.Unsafe@392f56ab
      valueOffset = 12
      value = class com.ibm.wsspi.kernel.service.utils.AtomicServiceReference$ReferenceTuple@2e13e9cf
    serialVersionUID = 2226592364007985000
    $$$tc$$$ = class com.ibm.websphere.ras.TraceComponent@75e16b33
  remoteFeatureLatch = null
  ejbRuntimeActive = true
  serverStopping = false
  webServicesHandlerResolver = null
  ejbPMICollaboratorFactory = null
  persistentTimerMsgLogged = false
  CACHE_SIZE = "cacheSize"
  CACHE_CLEANUP_INTERVAL = "cacheCleanupInterval"
  POOL_CLEANUP_INTERVAL = "poolCleanupInterval"
  START_EJBS_AT_APP_START = "startEJBsAtAppStart"
  BIND_TO_SERVER_ROOT = "bindToServerRoot"
  BIND_TO_JAVA_GLOBAL = "bindToJavaGlobal"
  DISABLE_SHORT_DEFAULT_BINDINGS = "disableShortDefaultBindings"
  IGNORE_DUPLICATE_BINDINGS = "ignoreDuplicateEJBBindings"
  CUSTOM_BINDINGS_ON_ERROR = "customBindingsOnError"
  serialVersionUID = -1083218400533711151
  CLASS_NAME = "com.ibm.ws.ejbcontainer.runtime.AbstractEJBRuntime"
  tc = class com.ibm.websphere.ras.TraceComponent@4299921b
    strings[0] = "TraceComponent[com.ibm.ws.ejbcontainer.runtime.AbstractEJBRuntime,class com.ibm.ws.ejbcontainer.runtime.AbstractEJBRuntime,[EJBContainer],com.ibm.ejs.container.container,null]"
  svThreadContextAccessor = class com.ibm.ws.util.ThreadContextAccessor$ReflectionThreadContextAccessorImpl@e0e0ea6
    field = class java.lang.reflect.Field@687e4830
      clazz = class java.lang.Class@445b84c0
      slot = 9
      name = "contextClassLoader"
      type = class java.lang.Class@251a69d7
      modifiers = 2
      signature = null
      genericInfo = null
      annotations = null
      fieldAccessor = null
      overrideFieldAccessor = null
      root = class java.lang.reflect.Field@5aa35425
      declaredAnnotations = null
      ACCESS_PERMISSION = class java.lang.reflect.ReflectPermission@17cba7a1
      override = true
      reflectionFactory = class sun.reflect.ReflectionFactory@6a36af99
      securityCheckCache = null
    tc = class com.ibm.ejs.ras.TraceComponent@8a0b918
      strings[0] = "TraceComponent[com.ibm.ws.util.ThreadContextAccessor,class com.ibm.ws.util.ThreadContextAccessor,[Runtime],null,null]"
    PRINT_STACK_ON_SET_CTX_CLASSLOADER = false
    PRIVILEGED_ACTION = class com.ibm.ws.util.ThreadContextAccessor$1@57ca2224
    UNCHANGED = class com.ibm.ws.util.ThreadContextAccessor$Unchanged@208f4f7f
    threadContextAccessor = class com.ibm.ws.util.ThreadContextAccessor$ReflectionThreadContextAccessorImpl@e0e0ea6
  ivContainer = class com.ibm.ejs.container.EJSContainer@63b7e2ba
  ivInitAtStartup = false
  ivInitAtStartupSet = false
  ivDefaultDataSourceJNDIName = null
  ivUOWControl = class com.ibm.ejs.csi.TransactionControlImpl@7bb5479a
    tc = class com.ibm.websphere.ras.TraceComponent@6d2b63c7
      strings[0] = "TraceComponent[com.ibm.ejs.csi.TransactionControlImpl,class com.ibm.ejs.csi.TransactionControlImpl,[EJBContainer],com.ibm.ejs.container.container,null]"
    CLASS_NAME = "com.ibm.ejs.csi.TransactionControlImpl"
    txService = class com.ibm.tx.jta.embeddable.impl.EmbeddableTranManagerSet@3c9554e3
      tc = class com.ibm.ejs.ras.TraceComponent@5953f725
      _callbackManager = class com.ibm.ws.uow.UOWScopeCallbackManager@36dc971
      tc = class com.ibm.ws.tx.util.logging.WASTraceComponent@6b7bba2f
      _instance = class com.ibm.tx.jta.embeddable.impl.EmbeddableTranManagerSet@3c9554e3
      _replayComplete = true
      _quiesced = false
      _thread = class com.ibm.tx.jta.embeddable.impl.EmbeddableTranManagerSet$1@67bcb78b
    uowCurrent = class com.ibm.tx.jta.embeddable.impl.EmbeddableTranManagerSet@3c9554e3
    ltcCurrent = class com.ibm.tx.ltc.embeddable.impl.EmbeddableLocalTranCurrentSet@5f86a581
      _callbackManager = class com.ibm.ws.uow.UOWScopeCallbackManager@21e32ec5
      _context = class com.ibm.tx.ltc.embeddable.impl.EmbeddableLocalTranCurrentSet$1@57a77c12
      _instance = class com.ibm.tx.ltc.embeddable.impl.EmbeddableLocalTranCurrentSet@5f86a581
    txStrategies = class com.ibm.ejs.csi.TranStrategy[7]
      TranStrategy[0] = class com.ibm.ejs.csi.NotSupported@7c776025
      TranStrategy[1] = class com.ibm.ejs.csi.BeanManaged@37a02eda
      TranStrategy[2] = class com.ibm.ejs.csi.Required@6be5275c
      TranStrategy[3] = class com.ibm.ejs.csi.Supports@1853ab6f
      TranStrategy[4] = class com.ibm.ejs.csi.RequiresNew@5fe28608
      TranStrategy[5] = class com.ibm.ejs.csi.Mandatory@6982a5d0
      TranStrategy[6] = class com.ibm.ejs.csi.Never@2b9fa07b
    userTransactionImpl = class com.ibm.ws.transaction.services.UserTransactionService@3348ff25
    stickyLocalTxTable = class com.ibm.ejs.util.FastHashtable@379adee6
      buckets = class com.ibm.ejs.util.Bucket[251]
      size = 0
    TIMEOUT_CLOCK_START = 0
    TIMEOUT_CLOCK_STOP = 2
  ivSfFailoverCache = null
  ivEJBMDOrchestrator = class com.ibm.ws.ejbcontainer.osgi.internal.EJBMDOrchestratorImpl@2077d309
  ivWebServicesHandlerResolver = null
  ivCMStatelessBeanOFactory = class com.ibm.ejs.container.CMStatelessBeanOFactory@715e5d5e
    tc = class com.ibm.websphere.ras.TraceComponent@3f16cd07
      strings[0] = "TraceComponent[com.ibm.ejs.container.BeanOFactory,class com.ibm.ejs.container.BeanOFactory,[EJBContainer],com.ibm.ejs.container.container,null]"
  ivBMStatelessBeanOFactory = null
  ivCMStatefulBeanOFactory = null
  ivBMStatefulBeanOFactory = null
  ivSingletonBeanOFactory = null
  ivManagedBeanOFactory = null

