Fri Jan 31 18:18:44 IST 2020 Thread[Framework stop,5,main] Cleanup action starting
java.sql.SQLException: Database '/Users/arprasto/scrap/workspace-eclipse/sample.daytrader7/daytrader-ee7-wlpcfg/shared/resources/data/tradedb' not found.
	at org.apache.derby.impl.jdbc.SQLExceptionFactory40.getSQLException(Unknown Source)
	at org.apache.derby.impl.jdbc.Util.newEmbedSQLException(Unknown Source)
	at org.apache.derby.impl.jdbc.Util.newEmbedSQLException(Unknown Source)
	at org.apache.derby.impl.jdbc.Util.generateCsSQLException(Unknown Source)
	at org.apache.derby.impl.jdbc.EmbedConnection.newSQLException(Unknown Source)
	at org.apache.derby.impl.jdbc.EmbedConnection.handleDBNotFound(Unknown Source)
	at org.apache.derby.impl.jdbc.EmbedConnection.<init>(Unknown Source)
	at org.apache.derby.impl.jdbc.EmbedConnection40.<init>(Unknown Source)
	at org.apache.derby.jdbc.Driver40.getNewEmbedConnection(Unknown Source)
	at org.apache.derby.jdbc.InternalDriver.connect(Unknown Source)
	at org.apache.derby.jdbc.EmbeddedBaseDataSource.getConnection(Unknown Source)
	at org.apache.derby.jdbc.EmbeddedBaseDataSource.getConnection(Unknown Source)
	at com.ibm.ws.jdbc.DataSourceService.shutdownDerbyEmbedded(DataSourceService.java:958)
	at com.ibm.ws.jdbc.DataSourceService.destroyConnectionFactories(DataSourceService.java:330)
	at com.ibm.ws.jdbc.DataSourceService.deactivate(DataSourceService.java:277)
	at sun.reflect.NativeMethodAccessorImpl.invoke0(Native Method)
	at sun.reflect.NativeMethodAccessorImpl.invoke(NativeMethodAccessorImpl.java:62)
	at sun.reflect.DelegatingMethodAccessorImpl.invoke(DelegatingMethodAccessorImpl.java:43)
	at java.lang.reflect.Method.invoke(Method.java:498)
	at org.apache.felix.scr.impl.inject.methods.BaseMethod.invokeMethod(BaseMethod.java:242)
	at org.apache.felix.scr.impl.inject.methods.BaseMethod.access$500(BaseMethod.java:41)
	at org.apache.felix.scr.impl.inject.methods.BaseMethod$Resolved.invoke(BaseMethod.java:678)
	at org.apache.felix.scr.impl.inject.methods.BaseMethod.invoke(BaseMethod.java:524)
	at org.apache.felix.scr.impl.inject.methods.ActivateMethod.invoke(ActivateMethod.java:317)
	at org.apache.felix.scr.impl.inject.methods.ActivateMethod.invoke(ActivateMethod.java:307)
	at org.apache.felix.scr.impl.manager.SingleComponentManager.disposeImplementationObject(SingleComponentManager.java:407)
	at org.apache.felix.scr.impl.manager.SingleComponentManager.deleteComponent(SingleComponentManager.java:163)
	at org.apache.felix.scr.impl.manager.SingleComponentManager.ungetService(SingleComponentManager.java:1020)
	at org.eclipse.osgi.internal.serviceregistry.ServiceFactoryUse$2.run(ServiceFactoryUse.java:265)
	at org.eclipse.osgi.internal.serviceregistry.ServiceFactoryUse$2.run(ServiceFactoryUse.java:1)
	at java.security.AccessController.doPrivileged(Native Method)
	at org.eclipse.osgi.internal.serviceregistry.ServiceFactoryUse.factoryUngetService(ServiceFactoryUse.java:262)
	at org.eclipse.osgi.internal.serviceregistry.ServiceFactoryUse.release(ServiceFactoryUse.java:190)
	at org.eclipse.osgi.internal.serviceregistry.ServiceRegistrationImpl.releaseService(ServiceRegistrationImpl.java:661)
	at org.eclipse.osgi.internal.serviceregistry.ServiceRegistrationImpl.unregister(ServiceRegistrationImpl.java:247)
	at org.apache.felix.scr.impl.manager.AbstractComponentManager$3.unregister(AbstractComponentManager.java:927)
	at org.apache.felix.scr.impl.manager.AbstractComponentManager$3.unregister(AbstractComponentManager.java:892)
	at org.apache.felix.scr.impl.manager.RegistrationManager.changeRegistration(RegistrationManager.java:135)
	at org.apache.felix.scr.impl.manager.AbstractComponentManager.unregisterService(AbstractComponentManager.java:969)
	at org.apache.felix.scr.impl.manager.AbstractComponentManager.doDeactivate(AbstractComponentManager.java:823)
	at org.apache.felix.scr.impl.manager.AbstractComponentManager.deactivateInternal(AbstractComponentManager.java:805)
	at org.apache.felix.scr.impl.manager.DependencyManager.deactivateComponentManager(DependencyManager.java:2332)
	at org.apache.felix.scr.impl.manager.DependencyManager.access$400(DependencyManager.java:56)
	at org.apache.felix.scr.impl.manager.DependencyManager$SingleDynamicCustomizer.removedService(DependencyManager.java:918)
	at org.apache.felix.scr.impl.manager.DependencyManager$SingleDynamicCustomizer.removedService(DependencyManager.java:767)
	at org.apache.felix.scr.impl.manager.ServiceTracker$Tracked.customizerRemoved(ServiceTracker.java:1242)
	at org.apache.felix.scr.impl.manager.ServiceTracker$Tracked.customizerRemoved(ServiceTracker.java:1137)
	at org.apache.felix.scr.impl.manager.ServiceTracker$AbstractTracked.untrack(ServiceTracker.java:997)
	at org.apache.felix.scr.impl.manager.ServiceTracker$Tracked.serviceChanged(ServiceTracker.java:1176)
	at org.apache.felix.scr.impl.BundleComponentActivator$ListenerInfo.serviceChanged(BundleComponentActivator.java:125)
	at org.eclipse.osgi.internal.serviceregistry.FilteredServiceListener.serviceChanged(FilteredServiceListener.java:113)
	at org.eclipse.osgi.internal.framework.BundleContextImpl.dispatchEvent(BundleContextImpl.java:985)
	at org.eclipse.osgi.framework.eventmgr.EventManager.dispatchEvent(EventManager.java:234)
	at org.eclipse.osgi.framework.eventmgr.ListenerQueue.dispatchEventSynchronous(ListenerQueue.java:151)
	at org.eclipse.osgi.internal.serviceregistry.ServiceRegistry.publishServiceEventPrivileged(ServiceRegistry.java:896)
	at org.eclipse.osgi.internal.serviceregistry.ServiceRegistry.publishServiceEvent(ServiceRegistry.java:834)
	at org.eclipse.osgi.internal.serviceregistry.ServiceRegistrationImpl.unregister(ServiceRegistrationImpl.java:227)
	at org.apache.felix.scr.impl.manager.AbstractComponentManager$3.unregister(AbstractComponentManager.java:927)
	at org.apache.felix.scr.impl.manager.AbstractComponentManager$3.unregister(AbstractComponentManager.java:892)
	at org.apache.felix.scr.impl.manager.RegistrationManager.changeRegistration(RegistrationManager.java:135)
	at org.apache.felix.scr.impl.manager.AbstractComponentManager.unregisterService(AbstractComponentManager.java:969)
	at org.apache.felix.scr.impl.manager.AbstractComponentManager.doDeactivate(AbstractComponentManager.java:823)
	at org.apache.felix.scr.impl.manager.AbstractComponentManager.deactivateInternal(AbstractComponentManager.java:805)
	at org.apache.felix.scr.impl.manager.DependencyManager.deactivateComponentManager(DependencyManager.java:2332)
	at org.apache.felix.scr.impl.manager.DependencyManager.access$400(DependencyManager.java:56)
	at org.apache.felix.scr.impl.manager.DependencyManager$SingleStaticCustomizer.removedService(DependencyManager.java:1117)
	at org.apache.felix.scr.impl.manager.DependencyManager$SingleStaticCustomizer.removedService(DependencyManager.java:999)
	at org.apache.felix.scr.impl.manager.ServiceTracker$Tracked.customizerRemoved(ServiceTracker.java:1242)
	at org.apache.felix.scr.impl.manager.ServiceTracker$Tracked.customizerRemoved(ServiceTracker.java:1137)
	at org.apache.felix.scr.impl.manager.ServiceTracker$AbstractTracked.untrack(ServiceTracker.java:997)
	at org.apache.felix.scr.impl.manager.ServiceTracker$Tracked.serviceChanged(ServiceTracker.java:1176)
	at org.apache.felix.scr.impl.BundleComponentActivator$ListenerInfo.serviceChanged(BundleComponentActivator.java:125)
	at org.eclipse.osgi.internal.serviceregistry.FilteredServiceListener.serviceChanged(FilteredServiceListener.java:113)
	at org.eclipse.osgi.internal.framework.BundleContextImpl.dispatchEvent(BundleContextImpl.java:985)
	at org.eclipse.osgi.framework.eventmgr.EventManager.dispatchEvent(EventManager.java:234)
	at org.eclipse.osgi.framework.eventmgr.ListenerQueue.dispatchEventSynchronous(ListenerQueue.java:151)
	at org.eclipse.osgi.internal.serviceregistry.ServiceRegistry.publishServiceEventPrivileged(ServiceRegistry.java:896)
	at org.eclipse.osgi.internal.serviceregistry.ServiceRegistry.publishServiceEvent(ServiceRegistry.java:834)
	at org.eclipse.osgi.internal.serviceregistry.ServiceRegistrationImpl.unregister(ServiceRegistrationImpl.java:227)
	at org.apache.felix.scr.impl.manager.AbstractComponentManager$3.unregister(AbstractComponentManager.java:927)
	at org.apache.felix.scr.impl.manager.AbstractComponentManager$3.unregister(AbstractComponentManager.java:892)
	at org.apache.felix.scr.impl.manager.RegistrationManager.changeRegistration(RegistrationManager.java:135)
	at org.apache.felix.scr.impl.manager.AbstractComponentManager.unregisterService(AbstractComponentManager.java:969)
	at org.apache.felix.scr.impl.manager.AbstractComponentManager.doDeactivate(AbstractComponentManager.java:823)
	at org.apache.felix.scr.impl.manager.AbstractComponentManager.deactivateInternal(AbstractComponentManager.java:805)
	at org.apache.felix.scr.impl.manager.DependencyManager.deactivateComponentManager(DependencyManager.java:2332)
	at org.apache.felix.scr.impl.manager.DependencyManager.access$400(DependencyManager.java:56)
	at org.apache.felix.scr.impl.manager.DependencyManager$SingleStaticCustomizer.removedService(DependencyManager.java:1117)
	at org.apache.felix.scr.impl.manager.DependencyManager$SingleStaticCustomizer.removedService(DependencyManager.java:999)
	at org.apache.felix.scr.impl.manager.ServiceTracker$Tracked.customizerRemoved(ServiceTracker.java:1242)
	at org.apache.felix.scr.impl.manager.ServiceTracker$Tracked.customizerRemoved(ServiceTracker.java:1137)
	at org.apache.felix.scr.impl.manager.ServiceTracker$AbstractTracked.untrack(ServiceTracker.java:997)
	at org.apache.felix.scr.impl.manager.ServiceTracker$Tracked.serviceChanged(ServiceTracker.java:1176)
	at org.apache.felix.scr.impl.BundleComponentActivator$ListenerInfo.serviceChanged(BundleComponentActivator.java:125)
	at org.eclipse.osgi.internal.serviceregistry.FilteredServiceListener.serviceChanged(FilteredServiceListener.java:113)
	at org.eclipse.osgi.internal.framework.BundleContextImpl.dispatchEvent(BundleContextImpl.java:985)
	at org.eclipse.osgi.framework.eventmgr.EventManager.dispatchEvent(EventManager.java:234)
	at org.eclipse.osgi.framework.eventmgr.ListenerQueue.dispatchEventSynchronous(ListenerQueue.java:151)
	at org.eclipse.osgi.internal.serviceregistry.ServiceRegistry.publishServiceEventPrivileged(ServiceRegistry.java:896)
	at org.eclipse.osgi.internal.serviceregistry.ServiceRegistry.publishServiceEvent(ServiceRegistry.java:834)
	at org.eclipse.osgi.internal.serviceregistry.ServiceRegistrationImpl.unregister(ServiceRegistrationImpl.java:227)
	at org.apache.felix.scr.impl.manager.AbstractComponentManager$3.unregister(AbstractComponentManager.java:927)
	at org.apache.felix.scr.impl.manager.AbstractComponentManager$3.unregister(AbstractComponentManager.java:892)
	at org.apache.felix.scr.impl.manager.RegistrationManager.changeRegistration(RegistrationManager.java:135)
	at org.apache.felix.scr.impl.manager.AbstractComponentManager.unregisterService(AbstractComponentManager.java:969)
	at org.apache.felix.scr.impl.manager.AbstractComponentManager.doDeactivate(AbstractComponentManager.java:823)
	at org.apache.felix.scr.impl.manager.AbstractComponentManager.deactivateInternal(AbstractComponentManager.java:805)
	at org.apache.felix.scr.impl.manager.DependencyManager.deactivateComponentManager(DependencyManager.java:2332)
	at org.apache.felix.scr.impl.manager.DependencyManager.access$400(DependencyManager.java:56)
	at org.apache.felix.scr.impl.manager.DependencyManager$SingleStaticCustomizer.removedService(DependencyManager.java:1117)
	at org.apache.felix.scr.impl.manager.DependencyManager$SingleStaticCustomizer.removedService(DependencyManager.java:999)
	at org.apache.felix.scr.impl.manager.ServiceTracker$Tracked.customizerRemoved(ServiceTracker.java:1242)
	at org.apache.felix.scr.impl.manager.ServiceTracker$Tracked.customizerRemoved(ServiceTracker.java:1137)
	at org.apache.felix.scr.impl.manager.ServiceTracker$AbstractTracked.untrack(ServiceTracker.java:997)
	at org.apache.felix.scr.impl.manager.ServiceTracker$Tracked.serviceChanged(ServiceTracker.java:1176)
	at org.apache.felix.scr.impl.BundleComponentActivator$ListenerInfo.serviceChanged(BundleComponentActivator.java:125)
	at org.eclipse.osgi.internal.serviceregistry.FilteredServiceListener.serviceChanged(FilteredServiceListener.java:113)
	at org.eclipse.osgi.internal.framework.BundleContextImpl.dispatchEvent(BundleContextImpl.java:985)
	at org.eclipse.osgi.framework.eventmgr.EventManager.dispatchEvent(EventManager.java:234)
	at org.eclipse.osgi.framework.eventmgr.ListenerQueue.dispatchEventSynchronous(ListenerQueue.java:151)
	at org.eclipse.osgi.internal.serviceregistry.ServiceRegistry.publishServiceEventPrivileged(ServiceRegistry.java:896)
	at org.eclipse.osgi.internal.serviceregistry.ServiceRegistry.publishServiceEvent(ServiceRegistry.java:834)
	at org.eclipse.osgi.internal.serviceregistry.ServiceRegistrationImpl.unregister(ServiceRegistrationImpl.java:227)
	at org.apache.felix.scr.impl.manager.AbstractComponentManager$3.unregister(AbstractComponentManager.java:927)
	at org.apache.felix.scr.impl.manager.AbstractComponentManager$3.unregister(AbstractComponentManager.java:892)
	at org.apache.felix.scr.impl.manager.RegistrationManager.changeRegistration(RegistrationManager.java:135)
	at org.apache.felix.scr.impl.manager.AbstractComponentManager.unregisterService(AbstractComponentManager.java:969)
	at org.apache.felix.scr.impl.manager.AbstractComponentManager.doDeactivate(AbstractComponentManager.java:823)
	at org.apache.felix.scr.impl.manager.AbstractComponentManager.deactivateInternal(AbstractComponentManager.java:805)
	at org.apache.felix.scr.impl.manager.DependencyManager.deactivateComponentManager(DependencyManager.java:2332)
	at org.apache.felix.scr.impl.manager.DependencyManager.access$400(DependencyManager.java:56)
	at org.apache.felix.scr.impl.manager.DependencyManager$SingleStaticCustomizer.removedService(DependencyManager.java:1117)
	at org.apache.felix.scr.impl.manager.DependencyManager$SingleStaticCustomizer.removedService(DependencyManager.java:999)
	at org.apache.felix.scr.impl.manager.ServiceTracker$Tracked.customizerRemoved(ServiceTracker.java:1242)
	at org.apache.felix.scr.impl.manager.ServiceTracker$Tracked.customizerRemoved(ServiceTracker.java:1137)
	at org.apache.felix.scr.impl.manager.ServiceTracker$AbstractTracked.untrack(ServiceTracker.java:997)
	at org.apache.felix.scr.impl.manager.ServiceTracker$Tracked.serviceChanged(ServiceTracker.java:1176)
	at org.apache.felix.scr.impl.BundleComponentActivator$ListenerInfo.serviceChanged(BundleComponentActivator.java:125)
	at org.eclipse.osgi.internal.serviceregistry.FilteredServiceListener.serviceChanged(FilteredServiceListener.java:113)
	at org.eclipse.osgi.internal.framework.BundleContextImpl.dispatchEvent(BundleContextImpl.java:985)
	at org.eclipse.osgi.framework.eventmgr.EventManager.dispatchEvent(EventManager.java:234)
	at org.eclipse.osgi.framework.eventmgr.ListenerQueue.dispatchEventSynchronous(ListenerQueue.java:151)
	at org.eclipse.osgi.internal.serviceregistry.ServiceRegistry.publishServiceEventPrivileged(ServiceRegistry.java:896)
	at org.eclipse.osgi.internal.serviceregistry.ServiceRegistry.publishServiceEvent(ServiceRegistry.java:834)
	at org.eclipse.osgi.internal.serviceregistry.ServiceRegistrationImpl.unregister(ServiceRegistrationImpl.java:227)
	at org.apache.felix.scr.impl.manager.AbstractComponentManager$3.unregister(AbstractComponentManager.java:927)
	at org.apache.felix.scr.impl.manager.AbstractComponentManager$3.unregister(AbstractComponentManager.java:892)
	at org.apache.felix.scr.impl.manager.RegistrationManager.changeRegistration(RegistrationManager.java:135)
	at org.apache.felix.scr.impl.manager.AbstractComponentManager.unregisterService(AbstractComponentManager.java:969)
	at org.apache.felix.scr.impl.manager.AbstractComponentManager.doDeactivate(AbstractComponentManager.java:823)
	at org.apache.felix.scr.impl.manager.AbstractComponentManager.deactivateInternal(AbstractComponentManager.java:805)
	at org.apache.felix.scr.impl.manager.AbstractComponentManager.dispose(AbstractComponentManager.java:584)
	at org.apache.felix.scr.impl.manager.ConfigurableComponentHolder.disposeComponents(ConfigurableComponentHolder.java:717)
	at org.apache.felix.scr.impl.BundleComponentActivator.dispose(BundleComponentActivator.java:530)
	at org.apache.felix.scr.impl.Activator.disposeComponents(Activator.java:609)
	at org.apache.felix.scr.impl.Activator.access$300(Activator.java:69)
	at org.apache.felix.scr.impl.Activator$ScrExtension.destroy(Activator.java:452)
	at org.apache.felix.scr.impl.AbstractExtender$1.run(AbstractExtender.java:216)
	at java.util.concurrent.Executors$RunnableAdapter.call(Executors.java:511)
	at java.util.concurrent.FutureTask.run(FutureTask.java:266)
	at org.apache.felix.scr.impl.AbstractExtender.destroyExtension(AbstractExtender.java:238)
	at org.apache.felix.scr.impl.AbstractExtender.bundleChanged(AbstractExtender.java:132)
	at org.apache.felix.scr.impl.Activator.bundleChanged(Activator.java:215)
	at org.eclipse.osgi.internal.framework.BundleContextImpl.dispatchEvent(BundleContextImpl.java:973)
	at org.eclipse.osgi.framework.eventmgr.EventManager.dispatchEvent(EventManager.java:234)
	at org.eclipse.osgi.framework.eventmgr.ListenerQueue.dispatchEventSynchronous(ListenerQueue.java:151)
	at org.eclipse.osgi.internal.framework.EquinoxEventPublisher.publishBundleEventPrivileged(EquinoxEventPublisher.java:235)
	at org.eclipse.osgi.internal.framework.EquinoxEventPublisher.publishBundleEvent(EquinoxEventPublisher.java:141)
	at org.eclipse.osgi.internal.framework.EquinoxEventPublisher.publishBundleEvent(EquinoxEventPublisher.java:133)
	at org.eclipse.osgi.internal.framework.EquinoxContainerAdaptor.publishModuleEvent(EquinoxContainerAdaptor.java:231)
	at org.eclipse.osgi.container.Module.publishEvent(Module.java:498)
	at org.eclipse.osgi.container.Module.doStop(Module.java:656)
	at org.eclipse.osgi.container.Module.stop(Module.java:520)
	at org.eclipse.osgi.container.ModuleContainer$ContainerStartLevel.decStartLevel(ModuleContainer.java:1885)
	at org.eclipse.osgi.container.ModuleContainer$ContainerStartLevel.doContainerStartLevel(ModuleContainer.java:1760)
	at org.eclipse.osgi.container.SystemModule.stopWorker(SystemModule.java:275)
	at org.eclipse.osgi.internal.framework.EquinoxBundle$SystemBundle$EquinoxSystemModule.stopWorker(EquinoxBundle.java:202)
	at org.eclipse.osgi.container.Module.doStop(Module.java:658)
	at org.eclipse.osgi.container.Module.stop(Module.java:520)
	at org.eclipse.osgi.container.SystemModule.stop(SystemModule.java:207)
	at org.eclipse.osgi.internal.framework.EquinoxBundle$SystemBundle$EquinoxSystemModule$1.run(EquinoxBundle.java:220)
	at java.lang.Thread.run(Thread.java:748)
Caused by: java.sql.SQLException: Database '/Users/arprasto/scrap/workspace-eclipse/sample.daytrader7/daytrader-ee7-wlpcfg/shared/resources/data/tradedb' not found.
	at org.apache.derby.impl.jdbc.SQLExceptionFactory.getSQLException(Unknown Source)
	at org.apache.derby.impl.jdbc.SQLExceptionFactory40.wrapArgsForTransportAcrossDRDA(Unknown Source)
	... 182 more
============= begin nested exception, level (1) ===========
java.sql.SQLException: Database '/Users/arprasto/scrap/workspace-eclipse/sample.daytrader7/daytrader-ee7-wlpcfg/shared/resources/data/tradedb' not found.
	at org.apache.derby.impl.jdbc.SQLExceptionFactory.getSQLException(Unknown Source)
	at org.apache.derby.impl.jdbc.SQLExceptionFactory40.wrapArgsForTransportAcrossDRDA(Unknown Source)
	at org.apache.derby.impl.jdbc.SQLExceptionFactory40.getSQLException(Unknown Source)
	at org.apache.derby.impl.jdbc.Util.newEmbedSQLException(Unknown Source)
	at org.apache.derby.impl.jdbc.Util.newEmbedSQLException(Unknown Source)
	at org.apache.derby.impl.jdbc.Util.generateCsSQLException(Unknown Source)
	at org.apache.derby.impl.jdbc.EmbedConnection.newSQLException(Unknown Source)
	at org.apache.derby.impl.jdbc.EmbedConnection.handleDBNotFound(Unknown Source)
	at org.apache.derby.impl.jdbc.EmbedConnection.<init>(Unknown Source)
	at org.apache.derby.impl.jdbc.EmbedConnection40.<init>(Unknown Source)
	at org.apache.derby.jdbc.Driver40.getNewEmbedConnection(Unknown Source)
	at org.apache.derby.jdbc.InternalDriver.connect(Unknown Source)
	at org.apache.derby.jdbc.EmbeddedBaseDataSource.getConnection(Unknown Source)
	at org.apache.derby.jdbc.EmbeddedBaseDataSource.getConnection(Unknown Source)
	at com.ibm.ws.jdbc.DataSourceService.shutdownDerbyEmbedded(DataSourceService.java:958)
	at com.ibm.ws.jdbc.DataSourceService.destroyConnectionFactories(DataSourceService.java:330)
	at com.ibm.ws.jdbc.DataSourceService.deactivate(DataSourceService.java:277)
	at sun.reflect.NativeMethodAccessorImpl.invoke0(Native Method)
	at sun.reflect.NativeMethodAccessorImpl.invoke(NativeMethodAccessorImpl.java:62)
	at sun.reflect.DelegatingMethodAccessorImpl.invoke(DelegatingMethodAccessorImpl.java:43)
	at java.lang.reflect.Method.invoke(Method.java:498)
	at org.apache.felix.scr.impl.inject.methods.BaseMethod.invokeMethod(BaseMethod.java:242)
	at org.apache.felix.scr.impl.inject.methods.BaseMethod.access$500(BaseMethod.java:41)
	at org.apache.felix.scr.impl.inject.methods.BaseMethod$Resolved.invoke(BaseMethod.java:678)
	at org.apache.felix.scr.impl.inject.methods.BaseMethod.invoke(BaseMethod.java:524)
	at org.apache.felix.scr.impl.inject.methods.ActivateMethod.invoke(ActivateMethod.java:317)
	at org.apache.felix.scr.impl.inject.methods.ActivateMethod.invoke(ActivateMethod.java:307)
	at org.apache.felix.scr.impl.manager.SingleComponentManager.disposeImplementationObject(SingleComponentManager.java:407)
	at org.apache.felix.scr.impl.manager.SingleComponentManager.deleteComponent(SingleComponentManager.java:163)
	at org.apache.felix.scr.impl.manager.SingleComponentManager.ungetService(SingleComponentManager.java:1020)
	at org.eclipse.osgi.internal.serviceregistry.ServiceFactoryUse$2.run(ServiceFactoryUse.java:265)
	at org.eclipse.osgi.internal.serviceregistry.ServiceFactoryUse$2.run(ServiceFactoryUse.java:1)
	at java.security.AccessController.doPrivileged(Native Method)
	at org.eclipse.osgi.internal.serviceregistry.ServiceFactoryUse.factoryUngetService(ServiceFactoryUse.java:262)
	at org.eclipse.osgi.internal.serviceregistry.ServiceFactoryUse.release(ServiceFactoryUse.java:190)
	at org.eclipse.osgi.internal.serviceregistry.ServiceRegistrationImpl.releaseService(ServiceRegistrationImpl.java:661)
	at org.eclipse.osgi.internal.serviceregistry.ServiceRegistrationImpl.unregister(ServiceRegistrationImpl.java:247)
	at org.apache.felix.scr.impl.manager.AbstractComponentManager$3.unregister(AbstractComponentManager.java:927)
	at org.apache.felix.scr.impl.manager.AbstractComponentManager$3.unregister(AbstractComponentManager.java:892)
	at org.apache.felix.scr.impl.manager.RegistrationManager.changeRegistration(RegistrationManager.java:135)
	at org.apache.felix.scr.impl.manager.AbstractComponentManager.unregisterService(AbstractComponentManager.java:969)
	at org.apache.felix.scr.impl.manager.AbstractComponentManager.doDeactivate(AbstractComponentManager.java:823)
	at org.apache.felix.scr.impl.manager.AbstractComponentManager.deactivateInternal(AbstractComponentManager.java:805)
	at org.apache.felix.scr.impl.manager.DependencyManager.deactivateComponentManager(DependencyManager.java:2332)
	at org.apache.felix.scr.impl.manager.DependencyManager.access$400(DependencyManager.java:56)
	at org.apache.felix.scr.impl.manager.DependencyManager$SingleDynamicCustomizer.removedService(DependencyManager.java:918)
	at org.apache.felix.scr.impl.manager.DependencyManager$SingleDynamicCustomizer.removedService(DependencyManager.java:767)
	at org.apache.felix.scr.impl.manager.ServiceTracker$Tracked.customizerRemoved(ServiceTracker.java:1242)
	at org.apache.felix.scr.impl.manager.ServiceTracker$Tracked.customizerRemoved(ServiceTracker.java:1137)
	at org.apache.felix.scr.impl.manager.ServiceTracker$AbstractTracked.untrack(ServiceTracker.java:997)
	at org.apache.felix.scr.impl.manager.ServiceTracker$Tracked.serviceChanged(ServiceTracker.java:1176)
	at org.apache.felix.scr.impl.BundleComponentActivator$ListenerInfo.serviceChanged(BundleComponentActivator.java:125)
	at org.eclipse.osgi.internal.serviceregistry.FilteredServiceListener.serviceChanged(FilteredServiceListener.java:113)
	at org.eclipse.osgi.internal.framework.BundleContextImpl.dispatchEvent(BundleContextImpl.java:985)
	at org.eclipse.osgi.framework.eventmgr.EventManager.dispatchEvent(EventManager.java:234)
	at org.eclipse.osgi.framework.eventmgr.ListenerQueue.dispatchEventSynchronous(ListenerQueue.java:151)
	at org.eclipse.osgi.internal.serviceregistry.ServiceRegistry.publishServiceEventPrivileged(ServiceRegistry.java:896)
	at org.eclipse.osgi.internal.serviceregistry.ServiceRegistry.publishServiceEvent(ServiceRegistry.java:834)
	at org.eclipse.osgi.internal.serviceregistry.ServiceRegistrationImpl.unregister(ServiceRegistrationImpl.java:227)
	at org.apache.felix.scr.impl.manager.AbstractComponentManager$3.unregister(AbstractComponentManager.java:927)
	at org.apache.felix.scr.impl.manager.AbstractComponentManager$3.unregister(AbstractComponentManager.java:892)
	at org.apache.felix.scr.impl.manager.RegistrationManager.changeRegistration(RegistrationManager.java:135)
	at org.apache.felix.scr.impl.manager.AbstractComponentManager.unregisterService(AbstractComponentManager.java:969)
	at org.apache.felix.scr.impl.manager.AbstractComponentManager.doDeactivate(AbstractComponentManager.java:823)
	at org.apache.felix.scr.impl.manager.AbstractComponentManager.deactivateInternal(AbstractComponentManager.java:805)
	at org.apache.felix.scr.impl.manager.DependencyManager.deactivateComponentManager(DependencyManager.java:2332)
	at org.apache.felix.scr.impl.manager.DependencyManager.access$400(DependencyManager.java:56)
	at org.apache.felix.scr.impl.manager.DependencyManager$SingleStaticCustomizer.removedService(DependencyManager.java:1117)
	at org.apache.felix.scr.impl.manager.DependencyManager$SingleStaticCustomizer.removedService(DependencyManager.java:999)
	at org.apache.felix.scr.impl.manager.ServiceTracker$Tracked.customizerRemoved(ServiceTracker.java:1242)
	at org.apache.felix.scr.impl.manager.ServiceTracker$Tracked.customizerRemoved(ServiceTracker.java:1137)
	at org.apache.felix.scr.impl.manager.ServiceTracker$AbstractTracked.untrack(ServiceTracker.java:997)
	at org.apache.felix.scr.impl.manager.ServiceTracker$Tracked.serviceChanged(ServiceTracker.java:1176)
	at org.apache.felix.scr.impl.BundleComponentActivator$ListenerInfo.serviceChanged(BundleComponentActivator.java:125)
	at org.eclipse.osgi.internal.serviceregistry.FilteredServiceListener.serviceChanged(FilteredServiceListener.java:113)
	at org.eclipse.osgi.internal.framework.BundleContextImpl.dispatchEvent(BundleContextImpl.java:985)
	at org.eclipse.osgi.framework.eventmgr.EventManager.dispatchEvent(EventManager.java:234)
	at org.eclipse.osgi.framework.eventmgr.ListenerQueue.dispatchEventSynchronous(ListenerQueue.java:151)
	at org.eclipse.osgi.internal.serviceregistry.ServiceRegistry.publishServiceEventPrivileged(ServiceRegistry.java:896)
	at org.eclipse.osgi.internal.serviceregistry.ServiceRegistry.publishServiceEvent(ServiceRegistry.java:834)
	at org.eclipse.osgi.internal.serviceregistry.ServiceRegistrationImpl.unregister(ServiceRegistrationImpl.java:227)
	at org.apache.felix.scr.impl.manager.AbstractComponentManager$3.unregister(AbstractComponentManager.java:927)
	at org.apache.felix.scr.impl.manager.AbstractComponentManager$3.unregister(AbstractComponentManager.java:892)
	at org.apache.felix.scr.impl.manager.RegistrationManager.changeRegistration(RegistrationManager.java:135)
	at org.apache.felix.scr.impl.manager.AbstractComponentManager.unregisterService(AbstractComponentManager.java:969)
	at org.apache.felix.scr.impl.manager.AbstractComponentManager.doDeactivate(AbstractComponentManager.java:823)
	at org.apache.felix.scr.impl.manager.AbstractComponentManager.deactivateInternal(AbstractComponentManager.java:805)
	at org.apache.felix.scr.impl.manager.DependencyManager.deactivateComponentManager(DependencyManager.java:2332)
	at org.apache.felix.scr.impl.manager.DependencyManager.access$400(DependencyManager.java:56)
	at org.apache.felix.scr.impl.manager.DependencyManager$SingleStaticCustomizer.removedService(DependencyManager.java:1117)
	at org.apache.felix.scr.impl.manager.DependencyManager$SingleStaticCustomizer.removedService(DependencyManager.java:999)
	at org.apache.felix.scr.impl.manager.ServiceTracker$Tracked.customizerRemoved(ServiceTracker.java:1242)
	at org.apache.felix.scr.impl.manager.ServiceTracker$Tracked.customizerRemoved(ServiceTracker.java:1137)
	at org.apache.felix.scr.impl.manager.ServiceTracker$AbstractTracked.untrack(ServiceTracker.java:997)
	at org.apache.felix.scr.impl.manager.ServiceTracker$Tracked.serviceChanged(ServiceTracker.java:1176)
	at org.apache.felix.scr.impl.BundleComponentActivator$ListenerInfo.serviceChanged(BundleComponentActivator.java:125)
	at org.eclipse.osgi.internal.serviceregistry.FilteredServiceListener.serviceChanged(FilteredServiceListener.java:113)
	at org.eclipse.osgi.internal.framework.BundleContextImpl.dispatchEvent(BundleContextImpl.java:985)
	at org.eclipse.osgi.framework.eventmgr.EventManager.dispatchEvent(EventManager.java:234)
	at org.eclipse.osgi.framework.eventmgr.ListenerQueue.dispatchEventSynchronous(ListenerQueue.java:151)
	at org.eclipse.osgi.internal.serviceregistry.ServiceRegistry.publishServiceEventPrivileged(ServiceRegistry.java:896)
	at org.eclipse.osgi.internal.serviceregistry.ServiceRegistry.publishServiceEvent(ServiceRegistry.java:834)
	at org.eclipse.osgi.internal.serviceregistry.ServiceRegistrationImpl.unregister(ServiceRegistrationImpl.java:227)
	at org.apache.felix.scr.impl.manager.AbstractComponentManager$3.unregister(AbstractComponentManager.java:927)
	at org.apache.felix.scr.impl.manager.AbstractComponentManager$3.unregister(AbstractComponentManager.java:892)
	at org.apache.felix.scr.impl.manager.RegistrationManager.changeRegistration(RegistrationManager.java:135)
	at org.apache.felix.scr.impl.manager.AbstractComponentManager.unregisterService(AbstractComponentManager.java:969)
	at org.apache.felix.scr.impl.manager.AbstractComponentManager.doDeactivate(AbstractComponentManager.java:823)
	at org.apache.felix.scr.impl.manager.AbstractComponentManager.deactivateInternal(AbstractComponentManager.java:805)
	at org.apache.felix.scr.impl.manager.DependencyManager.deactivateComponentManager(DependencyManager.java:2332)
	at org.apache.felix.scr.impl.manager.DependencyManager.access$400(DependencyManager.java:56)
	at org.apache.felix.scr.impl.manager.DependencyManager$SingleStaticCustomizer.removedService(DependencyManager.java:1117)
	at org.apache.felix.scr.impl.manager.DependencyManager$SingleStaticCustomizer.removedService(DependencyManager.java:999)
	at org.apache.felix.scr.impl.manager.ServiceTracker$Tracked.customizerRemoved(ServiceTracker.java:1242)
	at org.apache.felix.scr.impl.manager.ServiceTracker$Tracked.customizerRemoved(ServiceTracker.java:1137)
	at org.apache.felix.scr.impl.manager.ServiceTracker$AbstractTracked.untrack(ServiceTracker.java:997)
	at org.apache.felix.scr.impl.manager.ServiceTracker$Tracked.serviceChanged(ServiceTracker.java:1176)
	at org.apache.felix.scr.impl.BundleComponentActivator$ListenerInfo.serviceChanged(BundleComponentActivator.java:125)
	at org.eclipse.osgi.internal.serviceregistry.FilteredServiceListener.serviceChanged(FilteredServiceListener.java:113)
	at org.eclipse.osgi.internal.framework.BundleContextImpl.dispatchEvent(BundleContextImpl.java:985)
	at org.eclipse.osgi.framework.eventmgr.EventManager.dispatchEvent(EventManager.java:234)
	at org.eclipse.osgi.framework.eventmgr.ListenerQueue.dispatchEventSynchronous(ListenerQueue.java:151)
	at org.eclipse.osgi.internal.serviceregistry.ServiceRegistry.publishServiceEventPrivileged(ServiceRegistry.java:896)
	at org.eclipse.osgi.internal.serviceregistry.ServiceRegistry.publishServiceEvent(ServiceRegistry.java:834)
	at org.eclipse.osgi.internal.serviceregistry.ServiceRegistrationImpl.unregister(ServiceRegistrationImpl.java:227)
	at org.apache.felix.scr.impl.manager.AbstractComponentManager$3.unregister(AbstractComponentManager.java:927)
	at org.apache.felix.scr.impl.manager.AbstractComponentManager$3.unregister(AbstractComponentManager.java:892)
	at org.apache.felix.scr.impl.manager.RegistrationManager.changeRegistration(RegistrationManager.java:135)
	at org.apache.felix.scr.impl.manager.AbstractComponentManager.unregisterService(AbstractComponentManager.java:969)
	at org.apache.felix.scr.impl.manager.AbstractComponentManager.doDeactivate(AbstractComponentManager.java:823)
	at org.apache.felix.scr.impl.manager.AbstractComponentManager.deactivateInternal(AbstractComponentManager.java:805)
	at org.apache.felix.scr.impl.manager.DependencyManager.deactivateComponentManager(DependencyManager.java:2332)
	at org.apache.felix.scr.impl.manager.DependencyManager.access$400(DependencyManager.java:56)
	at org.apache.felix.scr.impl.manager.DependencyManager$SingleStaticCustomizer.removedService(DependencyManager.java:1117)
	at org.apache.felix.scr.impl.manager.DependencyManager$SingleStaticCustomizer.removedService(DependencyManager.java:999)
	at org.apache.felix.scr.impl.manager.ServiceTracker$Tracked.customizerRemoved(ServiceTracker.java:1242)
	at org.apache.felix.scr.impl.manager.ServiceTracker$Tracked.customizerRemoved(ServiceTracker.java:1137)
	at org.apache.felix.scr.impl.manager.ServiceTracker$AbstractTracked.untrack(ServiceTracker.java:997)
	at org.apache.felix.scr.impl.manager.ServiceTracker$Tracked.serviceChanged(ServiceTracker.java:1176)
	at org.apache.felix.scr.impl.BundleComponentActivator$ListenerInfo.serviceChanged(BundleComponentActivator.java:125)
	at org.eclipse.osgi.internal.serviceregistry.FilteredServiceListener.serviceChanged(FilteredServiceListener.java:113)
	at org.eclipse.osgi.internal.framework.BundleContextImpl.dispatchEvent(BundleContextImpl.java:985)
	at org.eclipse.osgi.framework.eventmgr.EventManager.dispatchEvent(EventManager.java:234)
	at org.eclipse.osgi.framework.eventmgr.ListenerQueue.dispatchEventSynchronous(ListenerQueue.java:151)
	at org.eclipse.osgi.internal.serviceregistry.ServiceRegistry.publishServiceEventPrivileged(ServiceRegistry.java:896)
	at org.eclipse.osgi.internal.serviceregistry.ServiceRegistry.publishServiceEvent(ServiceRegistry.java:834)
	at org.eclipse.osgi.internal.serviceregistry.ServiceRegistrationImpl.unregister(ServiceRegistrationImpl.java:227)
	at org.apache.felix.scr.impl.manager.AbstractComponentManager$3.unregister(AbstractComponentManager.java:927)
	at org.apache.felix.scr.impl.manager.AbstractComponentManager$3.unregister(AbstractComponentManager.java:892)
	at org.apache.felix.scr.impl.manager.RegistrationManager.changeRegistration(RegistrationManager.java:135)
	at org.apache.felix.scr.impl.manager.AbstractComponentManager.unregisterService(AbstractComponentManager.java:969)
	at org.apache.felix.scr.impl.manager.AbstractComponentManager.doDeactivate(AbstractComponentManager.java:823)
	at org.apache.felix.scr.impl.manager.AbstractComponentManager.deactivateInternal(AbstractComponentManager.java:805)
	at org.apache.felix.scr.impl.manager.AbstractComponentManager.dispose(AbstractComponentManager.java:584)
	at org.apache.felix.scr.impl.manager.ConfigurableComponentHolder.disposeComponents(ConfigurableComponentHolder.java:717)
	at org.apache.felix.scr.impl.BundleComponentActivator.dispose(BundleComponentActivator.java:530)
	at org.apache.felix.scr.impl.Activator.disposeComponents(Activator.java:609)
	at org.apache.felix.scr.impl.Activator.access$300(Activator.java:69)
	at org.apache.felix.scr.impl.Activator$ScrExtension.destroy(Activator.java:452)
	at org.apache.felix.scr.impl.AbstractExtender$1.run(AbstractExtender.java:216)
	at java.util.concurrent.Executors$RunnableAdapter.call(Executors.java:511)
	at java.util.concurrent.FutureTask.run(FutureTask.java:266)
	at org.apache.felix.scr.impl.AbstractExtender.destroyExtension(AbstractExtender.java:238)
	at org.apache.felix.scr.impl.AbstractExtender.bundleChanged(AbstractExtender.java:132)
	at org.apache.felix.scr.impl.Activator.bundleChanged(Activator.java:215)
	at org.eclipse.osgi.internal.framework.BundleContextImpl.dispatchEvent(BundleContextImpl.java:973)
	at org.eclipse.osgi.framework.eventmgr.EventManager.dispatchEvent(EventManager.java:234)
	at org.eclipse.osgi.framework.eventmgr.ListenerQueue.dispatchEventSynchronous(ListenerQueue.java:151)
	at org.eclipse.osgi.internal.framework.EquinoxEventPublisher.publishBundleEventPrivileged(EquinoxEventPublisher.java:235)
	at org.eclipse.osgi.internal.framework.EquinoxEventPublisher.publishBundleEvent(EquinoxEventPublisher.java:141)
	at org.eclipse.osgi.internal.framework.EquinoxEventPublisher.publishBundleEvent(EquinoxEventPublisher.java:133)
	at org.eclipse.osgi.internal.framework.EquinoxContainerAdaptor.publishModuleEvent(EquinoxContainerAdaptor.java:231)
	at org.eclipse.osgi.container.Module.publishEvent(Module.java:498)
	at org.eclipse.osgi.container.Module.doStop(Module.java:656)
	at org.eclipse.osgi.container.Module.stop(Module.java:520)
	at org.eclipse.osgi.container.ModuleContainer$ContainerStartLevel.decStartLevel(ModuleContainer.java:1885)
	at org.eclipse.osgi.container.ModuleContainer$ContainerStartLevel.doContainerStartLevel(ModuleContainer.java:1760)
	at org.eclipse.osgi.container.SystemModule.stopWorker(SystemModule.java:275)
	at org.eclipse.osgi.internal.framework.EquinoxBundle$SystemBundle$EquinoxSystemModule.stopWorker(EquinoxBundle.java:202)
	at org.eclipse.osgi.container.Module.doStop(Module.java:658)
	at org.eclipse.osgi.container.Module.stop(Module.java:520)
	at org.eclipse.osgi.container.SystemModule.stop(SystemModule.java:207)
	at org.eclipse.osgi.internal.framework.EquinoxBundle$SystemBundle$EquinoxSystemModule$1.run(EquinoxBundle.java:220)
	at java.lang.Thread.run(Thread.java:748)
============= end nested exception, level (1) ===========
Cleanup action completed
----------------------------------------------------------------
Fri Jan 31 18:18:44 IST 2020: Shutting down Derby engine
----------------------------------------------------------------
